Log file open, 11/14/25 21:00:44
LogInit: Display: Running engine for game: PixelPerfect
LogPlatformFile: Not using cached read wrapper
LogTaskGraph: Started task graph with 5 named threads and 35 total threads with 3 sets of task threads.
LogStats: Stats thread started at 0.470854
LogD3D11RHI: Loaded GFSDK_Aftermath_Lib.x64.dll
LogICUInternationalization: ICU TimeZone Detection - Raw Offset: +2:00, Platform Override: ''
LogPluginManager: Mounting plugin Paper2D
LogPluginManager: Mounting plugin AISupport
LogPluginManager: Mounting plugin LightPropagationVolume
LogPluginManager: Mounting plugin CameraShakePreviewer
LogPluginManager: Mounting plugin ActorLayerUtilities
LogPluginManager: Mounting plugin AnimationSharing
LogPluginManager: Mounting plugin CLionSourceCodeAccess
LogPluginManager: Mounting plugin CodeLiteSourceCodeAccess
LogPluginManager: Mounting plugin GitSourceControl
LogPluginManager: Mounting plugin KDevelopSourceCodeAccess
LogPluginManager: Mounting plugin NullSourceCodeAccess
LogPluginManager: Mounting plugin PerforceSourceControl
LogPluginManager: Mounting plugin PlasticSourceControl
LogPluginManager: Mounting plugin RiderSourceCodeAccess
LogPluginManager: Mounting plugin SubversionSourceControl
LogPluginManager: Mounting plugin UObjectPlugin
LogPluginManager: Mounting plugin VisualStudioCodeSourceCodeAccess
LogPluginManager: Mounting plugin VisualStudioSourceCodeAccess
LogPluginManager: Mounting plugin XCodeSourceCodeAccess
LogPluginManager: Mounting plugin AssetManagerEditor
LogPluginManager: Mounting plugin CryptoKeys
LogPluginManager: Mounting plugin CurveEditorTools
LogPluginManager: Mounting plugin DataValidation
LogPluginManager: Mounting plugin EditorScriptingUtilities
LogPluginManager: Mounting plugin FacialAnimation
LogPluginManager: Mounting plugin GameplayTagsEditor
LogPluginManager: Mounting plugin GeometryMode
LogPluginManager: Mounting plugin MacGraphicsSwitching
LogPluginManager: Mounting plugin MaterialAnalyzer
LogPluginManager: Mounting plugin MobileLauncherProfileWizard
LogPluginManager: Mounting plugin PluginBrowser
LogPluginManager: Mounting plugin SpeedTreeImporter
LogPluginManager: Mounting plugin DatasmithContent
LogPluginManager: Mounting plugin VariantManagerContent
LogPluginManager: Mounting plugin AlembicImporter
LogPluginManager: Mounting plugin AutomationUtils
LogPluginManager: Mounting plugin BackChannel
LogPluginManager: Mounting plugin ChaosCloth
LogPluginManager: Mounting plugin ChaosClothEditor
LogPluginManager: Mounting plugin ChaosEditor
LogPluginManager: Mounting plugin ChaosNiagara
LogPluginManager: Mounting plugin ChaosSolverPlugin
LogPluginManager: Mounting plugin CharacterAI
LogPluginManager: Mounting plugin GeometryCache
LogPluginManager: Mounting plugin GeometryCollectionPlugin
LogPluginManager: Mounting plugin GeometryProcessing
LogPluginManager: Mounting plugin PlanarCut
LogPluginManager: Mounting plugin PlatformCrypto
LogPluginManager: Mounting plugin ProxyLODPlugin
LogPluginManager: Mounting plugin SkeletalReduction
LogPluginManager: Mounting plugin Niagara
LogPluginManager: Mounting plugin MagicLeap
LogPluginManager: Mounting plugin MagicLeapLightEstimation
LogPluginManager: Mounting plugin MagicLeapMedia
LogPluginManager: Mounting plugin MagicLeapPassableWorld
LogPluginManager: Mounting plugin MLSDK
LogPluginManager: Mounting plugin AndroidMedia
LogPluginManager: Mounting plugin AvfMedia
LogPluginManager: Mounting plugin ImgMedia
LogPluginManager: Mounting plugin MediaCompositing
LogPluginManager: Mounting plugin MediaPlayerEditor
LogPluginManager: Mounting plugin WebMMedia
LogPluginManager: Mounting plugin WmfMedia
LogPluginManager: Mounting plugin MeshPainting
LogPluginManager: Mounting plugin TcpMessaging
LogPluginManager: Mounting plugin UdpMessaging
LogPluginManager: Mounting plugin ActorSequence
LogPluginManager: Mounting plugin LevelSequenceEditor
LogPluginManager: Mounting plugin MatineeToLevelSequence
LogPluginManager: Mounting plugin MovieRenderPipeline
LogPluginManager: Mounting plugin TemplateSequence
LogPluginManager: Mounting plugin NetcodeUnitTest
LogPluginManager: Mounting plugin NUTUnrealEngine4
LogPluginManager: Mounting plugin OnlineSubsystemGooglePlay
LogPluginManager: Mounting plugin OnlineSubsystemIOS
LogPluginManager: Mounting plugin OnlineSubsystem
LogPluginManager: Mounting plugin OnlineSubsystemNull
LogPluginManager: Mounting plugin OnlineSubsystemUtils
LogPluginManager: Mounting plugin LauncherChunkInstaller
LogPluginManager: Mounting plugin AndroidDeviceProfileSelector
LogPluginManager: Mounting plugin AndroidMoviePlayer
LogPluginManager: Mounting plugin AndroidPermission
LogPluginManager: Mounting plugin AppleImageUtils
LogPluginManager: Mounting plugin AppleMoviePlayer
LogPluginManager: Mounting plugin ArchVisCharacter
LogPluginManager: Mounting plugin AssetTags
LogPluginManager: Mounting plugin AudioCapture
LogPluginManager: Mounting plugin CableComponent
LogPluginManager: Mounting plugin CustomMeshComponent
LogPluginManager: Mounting plugin EditableMesh
LogPluginManager: Mounting plugin ExampleDeviceProfileSelector
LogPluginManager: Mounting plugin GoogleCloudMessaging
LogPluginManager: Mounting plugin GooglePAD
LogPluginManager: Mounting plugin IOSDeviceProfileSelector
LogPluginManager: Mounting plugin LinuxDeviceProfileSelector
LogPluginManager: Mounting plugin LocationServicesBPLibrary
LogPluginManager: Mounting plugin MobilePatchingUtils
LogPluginManager: Mounting plugin OculusVR
LogPluginManager: Mounting plugin PhysXVehicles
LogPluginManager: Mounting plugin PostSplashScreen
LogPluginManager: Mounting plugin ProceduralMeshComponent
LogPluginManager: Mounting plugin RuntimePhysXCooking
LogPluginManager: Mounting plugin SignificanceManager
LogPluginManager: Mounting plugin SoundFields
LogPluginManager: Mounting plugin SteamVR
LogPluginManager: Mounting plugin Synthesis
LogPluginManager: Mounting plugin WebMMoviePlayer
LogPluginManager: Mounting plugin WindowsMoviePlayer
LogPluginManager: Mounting plugin ScreenshotTools
LogInit: Using libcurl 7.55.1-DEV
LogInit:  - built for x86_64-pc-win32
LogInit:  - supports SSL with OpenSSL/1.1.1
LogInit:  - supports HTTP deflate (compression) using libz 1.2.8
LogInit:  - other features:
LogInit:      CURL_VERSION_SSL
LogInit:      CURL_VERSION_LIBZ
LogInit:      CURL_VERSION_IPV6
LogInit:      CURL_VERSION_ASYNCHDNS
LogInit:      CURL_VERSION_LARGEFILE
LogInit:      CURL_VERSION_IDN
LogInit:  CurlRequestOptions (configurable via config and command line):
LogInit:  - bVerifyPeer = true  - Libcurl will verify peer certificate
LogInit:  - bUseHttpProxy = false  - Libcurl will NOT use HTTP proxy
LogInit:  - bDontReuseConnections = false  - Libcurl will reuse connections
LogInit:  - MaxHostConnections = 16  - Libcurl will limit the number of connections to a host
LogInit:  - LocalHostAddr = Default
LogInit:  - BufferSize = 65536
LogOnline: OSS: Creating online subsystem instance for: NULL
LogInit: WinSock: version 1.1 (2.2), MaxSocks=32767, MaxUdp=65467
LogOnline: OSS: TryLoadSubsystemAndSetDefault: Loaded subsystem for module [NULL]
LogInit: Build: ++UE4+Release-4.25-CL-14469661
LogInit: Engine Version: 4.25.4-14469661+++UE4+Release-4.25
LogInit: Compatible Engine Version: 4.25.0-13144385+++UE4+Release-4.25
LogInit: Net CL: 13144385
LogInit: OS: Windows 10 (Release 2009) (), CPU: 12th Gen Intel(R) Core(TM) i5-12450H, GPU: Intel(R) UHD Graphics
LogInit: Compiled (64-bit): Oct 11 2020 08:10:49
LogInit: Compiled with Visual C++: 19.24.28315.00
LogInit: Build Configuration: Development
LogInit: Branch Name: ++UE4+Release-4.25
LogInit: Command Line:  -AUTH_LOGIN=unused -AUTH_PASSWORD=c3bcaf76999e48c89f5230f5d5b511d5 -AUTH_TYPE=exchangecode -epicapp=UE_4.25 -epicenv=Prod -EpicPortal -epicusername=AManXDDD -epicuserid=53fc9c64b72243c1a735a3dec222d9be -epiclocale=en -epicsandboxid=ue
LogInit: Base Directory: C:/Program Files/Epic Games/UE_4.25/Engine/Binaries/Win64/
LogInit: Allocator: TBB
LogInit: Installed Engine Build: 1
LogDevObjectVersion: Number of dev versions registered: 26
LogDevObjectVersion:   Dev-Blueprints (B0D832E4-1F89-4F0D-ACCF-7EB736FD4AA2): 10
LogDevObjectVersion:   Dev-Build (E1C64328-A22C-4D53-A36C-8E866417BD8C): 0
LogDevObjectVersion:   Dev-Core (375EC13C-06E4-48FB-B500-84F0262A717E): 4
LogDevObjectVersion:   Dev-Editor (E4B068ED-F494-42E9-A231-DA0B2E46BB41): 38
LogDevObjectVersion:   Dev-Framework (CFFC743F-43B0-4480-9391-14DF171D2073): 37
LogDevObjectVersion:   Dev-Mobile (B02B49B5-BB20-44E9-A304-32B752E40360): 2
LogDevObjectVersion:   Dev-Networking (A4E4105C-59A1-49B5-A7C5-40C4547EDFEE): 0
LogDevObjectVersion:   Dev-Online (39C831C9-5AE6-47DC-9A44-9C173E1C8E7C): 0
LogDevObjectVersion:   Dev-Physics (78F01B33-EBEA-4F98-B9B4-84EACCB95AA2): 4
LogDevObjectVersion:   Dev-Platform (6631380F-2D4D-43E0-8009-CF276956A95A): 0
LogDevObjectVersion:   Dev-Rendering (12F88B9F-8875-4AFC-A67C-D90C383ABD29): 43
LogDevObjectVersion:   Dev-Sequencer (7B5AE74C-D270-4C10-A958-57980B212A5A): 12
LogDevObjectVersion:   Dev-VR (D7296918-1DD6-4BDD-9DE2-64A83CC13884): 3
LogDevObjectVersion:   Dev-LoadTimes (C2A15278-BFE7-4AFE-6C17-90FF531DF755): 1
LogDevObjectVersion:   Private-Geometry (6EACA3D4-40EC-4CC1-B786-8BED09428FC5): 3
LogDevObjectVersion:   Dev-AnimPhys (29E575DD-E0A3-4627-9D10-D276232CDCEA): 17
LogDevObjectVersion:   Dev-Anim (AF43A65D-7FD3-4947-9873-3E8ED9C1BB05): 7
LogDevObjectVersion:   Dev-ReflectionCapture (6B266CEC-1EC7-4B8F-A30B-E4D90942FC07): 1
LogDevObjectVersion:   Dev-Automation (0DF73D61-A23F-47EA-B727-89E90C41499A): 1
LogDevObjectVersion:   FortniteMain (601D1886-AC64-4F84-AA16-D3DE0DEAC7D6): 31
LogDevObjectVersion:   Dev-Enterprise (9DFFBCD6-494F-0158-E221-12823C92A888): 10
LogDevObjectVersion:   Dev-Niagara (F2AED0AC-9AFE-416F-8664-AA7FFA26D6FC): 1
LogDevObjectVersion:   Dev-Destruction (174F1F0B-B4C6-45A5-B13F-2EE8D0FB917D): 10
LogDevObjectVersion:   Dev-Physics-Ext (35F94A83-E258-406C-A318-09F59610247C): 37
LogDevObjectVersion:   Dev-PhysicsMaterial-Chaos (B68FC16E-8B1B-42E2-B453-215C058844FE): 1
LogDevObjectVersion:   Dev-CineCamera (B2E18506-4273-CFC2-A54E-F4BB758BBA07): 1
LogInit: Presizing for max 25165824 objects, including 0 objects not considered by GC, pre-allocating 0 bytes for permanent pool.
LogConfig: Applying CVar settings from Section [/Script/Engine.StreamingSettings] File [C:/Git/Saf/GameUniHack/PixelPerfect/Saved/Config/Windows/Engine.ini]
LogConfig: Setting CVar [[s.MinBulkDataSizeForAsyncLoading:131072]]
LogConfig: Setting CVar [[s.AsyncLoadingThreadEnabled:0]]
LogConfig: Setting CVar [[s.EventDrivenLoaderEnabled:1]]
LogConfig: Setting CVar [[s.WarnIfTimeLimitExceeded:0]]
LogConfig: Setting CVar [[s.TimeLimitExceededMultiplier:1.5]]
LogConfig: Setting CVar [[s.TimeLimitExceededMinTime:0.005]]
LogConfig: Setting CVar [[s.UseBackgroundLevelStreaming:1]]
LogConfig: Setting CVar [[s.PriorityAsyncLoadingExtraTime:15.0]]
LogConfig: Setting CVar [[s.LevelStreamingActorsUpdateTimeLimit:5.0]]
LogConfig: Setting CVar [[s.PriorityLevelStreamingActorsUpdateExtraTime:5.0]]
LogConfig: Setting CVar [[s.LevelStreamingComponentsRegistrationGranularity:10]]
LogConfig: Setting CVar [[s.UnregisterComponentsTimeLimit:1.0]]
LogConfig: Setting CVar [[s.LevelStreamingComponentsUnregistrationGranularity:5]]
LogConfig: Setting CVar [[s.FlushStreamingOnExit:1]]
LogInit: Object subsystem initialized
LogConfig: Setting CVar [[con.DebugEarlyDefault:1]]
LogConfig: Setting CVar [[r.setres:1280x720]]
[2025.11.14-19.00.46:102][  0]LogConfig: Setting CVar [[r.VSync:0]]
[2025.11.14-19.00.46:102][  0]LogConfig: Setting CVar [[r.RHICmdBypass:0]]
[2025.11.14-19.00.46:102][  0]LogConfig: Applying CVar settings from Section [/Script/Engine.RendererSettings] File [C:/Git/Saf/GameUniHack/PixelPerfect/Saved/Config/Windows/Engine.ini]
[2025.11.14-19.00.46:102][  0]LogConfig: Setting CVar [[r.GPUCrashDebugging:0]]
[2025.11.14-19.00.46:102][  0]LogConfig: Setting CVar [[r.Mobile.AllowDitheredLODTransition:1]]
[2025.11.14-19.00.46:102][  0]LogConfig: Setting CVar [[r.DefaultFeature.AntiAliasing:3]]
[2025.11.14-19.00.46:102][  0]LogConfig: Applying CVar settings from Section [/Script/Engine.RendererOverrideSettings] File [C:/Git/Saf/GameUniHack/PixelPerfect/Saved/Config/Windows/Engine.ini]
[2025.11.14-19.00.46:102][  0]LogConfig: Applying CVar settings from Section [/Script/Engine.StreamingSettings] File [C:/Git/Saf/GameUniHack/PixelPerfect/Saved/Config/Windows/Engine.ini]
[2025.11.14-19.00.46:102][  0]LogConfig: Setting CVar [[s.MinBulkDataSizeForAsyncLoading:131072]]
[2025.11.14-19.00.46:102][  0]LogConfig: Setting CVar [[s.AsyncLoadingThreadEnabled:0]]
[2025.11.14-19.00.46:102][  0]LogConfig: Setting CVar [[s.EventDrivenLoaderEnabled:1]]
[2025.11.14-19.00.46:102][  0]LogConfig: Setting CVar [[s.WarnIfTimeLimitExceeded:0]]
[2025.11.14-19.00.46:102][  0]LogConfig: Setting CVar [[s.TimeLimitExceededMultiplier:1.5]]
[2025.11.14-19.00.46:102][  0]LogConfig: Setting CVar [[s.TimeLimitExceededMinTime:0.005]]
[2025.11.14-19.00.46:102][  0]LogConfig: Setting CVar [[s.UseBackgroundLevelStreaming:1]]
[2025.11.14-19.00.46:102][  0]LogConfig: Setting CVar [[s.PriorityAsyncLoadingExtraTime:15.0]]
[2025.11.14-19.00.46:102][  0]LogConfig: Setting CVar [[s.LevelStreamingActorsUpdateTimeLimit:5.0]]
[2025.11.14-19.00.46:102][  0]LogConfig: Setting CVar [[s.PriorityLevelStreamingActorsUpdateExtraTime:5.0]]
[2025.11.14-19.00.46:102][  0]LogConfig: Setting CVar [[s.LevelStreamingComponentsRegistrationGranularity:10]]
[2025.11.14-19.00.46:102][  0]LogConfig: Setting CVar [[s.UnregisterComponentsTimeLimit:1.0]]
[2025.11.14-19.00.46:102][  0]LogConfig: Setting CVar [[s.LevelStreamingComponentsUnregistrationGranularity:5]]
[2025.11.14-19.00.46:102][  0]LogConfig: Setting CVar [[s.FlushStreamingOnExit:1]]
[2025.11.14-19.00.46:102][  0]LogConfig: Applying CVar settings from Section [/Script/Engine.GarbageCollectionSettings] File [C:/Git/Saf/GameUniHack/PixelPerfect/Saved/Config/Windows/Engine.ini]
[2025.11.14-19.00.46:102][  0]LogConfig: Setting CVar [[gc.MaxObjectsNotConsideredByGC:1]]
[2025.11.14-19.00.46:102][  0]LogConfig: Setting CVar [[gc.SizeOfPermanentObjectPool:0]]
[2025.11.14-19.00.46:102][  0]LogConfig: Setting CVar [[gc.FlushStreamingOnGC:0]]
[2025.11.14-19.00.46:102][  0]LogConfig: Setting CVar [[gc.NumRetriesBeforeForcingGC:10]]
[2025.11.14-19.00.46:102][  0]LogConfig: Setting CVar [[gc.AllowParallelGC:1]]
[2025.11.14-19.00.46:102][  0]LogConfig: Setting CVar [[gc.TimeBetweenPurgingPendingKillObjects:61.1]]
[2025.11.14-19.00.46:102][  0]LogConfig: Setting CVar [[gc.MaxObjectsInEditor:25165824]]
[2025.11.14-19.00.46:102][  0]LogConfig: Setting CVar [[gc.IncrementalBeginDestroyEnabled:1]]
[2025.11.14-19.00.46:102][  0]LogConfig: Setting CVar [[gc.CreateGCClusters:1]]
[2025.11.14-19.00.46:102][  0]LogConfig: Setting CVar [[gc.MinGCClusterSize:5]]
[2025.11.14-19.00.46:102][  0]LogConfig: Setting CVar [[gc.ActorClusteringEnabled:0]]
[2025.11.14-19.00.46:102][  0]LogConfig: Setting CVar [[gc.BlueprintClusteringEnabled:0]]
[2025.11.14-19.00.46:102][  0]LogConfig: Setting CVar [[gc.UseDisregardForGCOnDedicatedServers:0]]
[2025.11.14-19.00.46:102][  0]LogConfig: Applying CVar settings from Section [/Script/Engine.NetworkSettings] File [C:/Git/Saf/GameUniHack/PixelPerfect/Saved/Config/Windows/Engine.ini]
[2025.11.14-19.00.46:102][  0]LogConfig: Applying CVar settings from Section [/Script/UnrealEd.CookerSettings] File [C:/Git/Saf/GameUniHack/PixelPerfect/Saved/Config/Windows/Engine.ini]
[2025.11.14-19.00.46:105][  0]LogConfig: Applying CVar settings from Section [ViewDistanceQuality@3] File [C:/Git/Saf/GameUniHack/PixelPerfect/Saved/Config/Windows/Scalability.ini]
[2025.11.14-19.00.46:105][  0]LogConfig: Setting CVar [[r.SkeletalMeshLODBias:0]]
[2025.11.14-19.00.46:105][  0]LogConfig: Setting CVar [[r.ViewDistanceScale:1.0]]
[2025.11.14-19.00.46:105][  0]LogConfig: Applying CVar settings from Section [AntiAliasingQuality@3] File [C:/Git/Saf/GameUniHack/PixelPerfect/Saved/Config/Windows/Scalability.ini]
[2025.11.14-19.00.46:105][  0]LogConfig: Setting CVar [[r.PostProcessAAQuality:4]]
[2025.11.14-19.00.46:105][  0]LogConfig: Applying CVar settings from Section [ShadowQuality@3] File [C:/Git/Saf/GameUniHack/PixelPerfect/Saved/Config/Windows/Scalability.ini]
[2025.11.14-19.00.46:105][  0]LogConfig: Setting CVar [[r.LightFunctionQuality:1]]
[2025.11.14-19.00.46:105][  0]LogConfig: Setting CVar [[r.ShadowQuality:5]]
[2025.11.14-19.00.46:105][  0]LogConfig: Setting CVar [[r.Shadow.CSM.MaxCascades:10]]
[2025.11.14-19.00.46:105][  0]LogConfig: Setting CVar [[r.Shadow.MaxResolution:2048]]
[2025.11.14-19.00.46:105][  0]LogConfig: Setting CVar [[r.Shadow.MaxCSMResolution:2048]]
[2025.11.14-19.00.46:105][  0]LogConfig: Setting CVar [[r.Shadow.RadiusThreshold:0.01]]
[2025.11.14-19.00.46:105][  0]LogConfig: Setting CVar [[r.Shadow.DistanceScale:1.0]]
[2025.11.14-19.00.46:105][  0]LogConfig: Setting CVar [[r.Shadow.CSM.TransitionScale:1.0]]
[2025.11.14-19.00.46:105][  0]LogConfig: Setting CVar [[r.Shadow.PreShadowResolutionFactor:1.0]]
[2025.11.14-19.00.46:105][  0]LogConfig: Setting CVar [[r.DistanceFieldShadowing:1]]
[2025.11.14-19.00.46:105][  0]LogConfig: Setting CVar [[r.DistanceFieldAO:1]]
[2025.11.14-19.00.46:105][  0]LogConfig: Setting CVar [[r.AOQuality:2]]
[2025.11.14-19.00.46:105][  0]LogConfig: Setting CVar [[r.VolumetricFog:1]]
[2025.11.14-19.00.46:105][  0]LogConfig: Setting CVar [[r.VolumetricFog.GridPixelSize:8]]
[2025.11.14-19.00.46:105][  0]LogConfig: Setting CVar [[r.VolumetricFog.GridSizeZ:128]]
[2025.11.14-19.00.46:105][  0]LogConfig: Setting CVar [[r.VolumetricFog.HistoryMissSupersampleCount:4]]
[2025.11.14-19.00.46:105][  0]LogConfig: Setting CVar [[r.LightMaxDrawDistanceScale:1]]
[2025.11.14-19.00.46:105][  0]LogConfig: Setting CVar [[r.CapsuleShadows:1]]
[2025.11.14-19.00.46:105][  0]LogConfig: Applying CVar settings from Section [PostProcessQuality@3] File [C:/Git/Saf/GameUniHack/PixelPerfect/Saved/Config/Windows/Scalability.ini]
[2025.11.14-19.00.46:105][  0]LogConfig: Setting CVar [[r.MotionBlurQuality:4]]
[2025.11.14-19.00.46:105][  0]LogConfig: Setting CVar [[r.AmbientOcclusionMipLevelFactor:0.4]]
[2025.11.14-19.00.46:105][  0]LogConfig: Setting CVar [[r.AmbientOcclusionMaxQuality:100]]
[2025.11.14-19.00.46:105][  0]LogConfig: Setting CVar [[r.AmbientOcclusionLevels:-1]]
[2025.11.14-19.00.46:105][  0]LogConfig: Setting CVar [[r.AmbientOcclusionRadiusScale:1.0]]
[2025.11.14-19.00.46:105][  0]LogConfig: Setting CVar [[r.DepthOfFieldQuality:2]]
[2025.11.14-19.00.46:105][  0]LogConfig: Setting CVar [[r.RenderTargetPoolMin:400]]
[2025.11.14-19.00.46:105][  0]LogConfig: Setting CVar [[r.LensFlareQuality:2]]
[2025.11.14-19.00.46:105][  0]LogConfig: Setting CVar [[r.SceneColorFringeQuality:1]]
[2025.11.14-19.00.46:105][  0]LogConfig: Setting CVar [[r.EyeAdaptationQuality:2]]
[2025.11.14-19.00.46:105][  0]LogConfig: Setting CVar [[r.BloomQuality:5]]
[2025.11.14-19.00.46:105][  0]LogConfig: Setting CVar [[r.FastBlurThreshold:100]]
[2025.11.14-19.00.46:105][  0]LogConfig: Setting CVar [[r.Upscale.Quality:3]]
[2025.11.14-19.00.46:105][  0]LogConfig: Setting CVar [[r.Tonemapper.GrainQuantization:1]]
[2025.11.14-19.00.46:105][  0]LogConfig: Setting CVar [[r.LightShaftQuality:1]]
[2025.11.14-19.00.46:105][  0]LogConfig: Setting CVar [[r.Filter.SizeScale:1]]
[2025.11.14-19.00.46:105][  0]LogConfig: Setting CVar [[r.Tonemapper.Quality:5]]
[2025.11.14-19.00.46:105][  0]LogConfig: Setting CVar [[r.DOF.Gather.AccumulatorQuality:1        ; higher gathering accumulator quality]]
[2025.11.14-19.00.46:105][  0]LogConfig: Setting CVar [[r.DOF.Gather.PostfilterMethod:1          ; Median3x3 postfilering method]]
[2025.11.14-19.00.46:105][  0]LogConfig: Setting CVar [[r.DOF.Gather.EnableBokehSettings:0       ; no bokeh simulation when gathering]]
[2025.11.14-19.00.46:105][  0]LogConfig: Setting CVar [[r.DOF.Gather.RingCount:4                 ; medium number of samples when gathering]]
[2025.11.14-19.00.46:105][  0]LogConfig: Setting CVar [[r.DOF.Scatter.ForegroundCompositing:1    ; additive foreground scattering]]
[2025.11.14-19.00.46:105][  0]LogConfig: Setting CVar [[r.DOF.Scatter.BackgroundCompositing:2    ; additive background scattering]]
[2025.11.14-19.00.46:105][  0]LogConfig: Setting CVar [[r.DOF.Scatter.EnableBokehSettings:1      ; bokeh simulation when scattering]]
[2025.11.14-19.00.46:105][  0]LogConfig: Setting CVar [[r.DOF.Scatter.MaxSpriteRatio:0.1         ; only a maximum of 10% of scattered bokeh]]
[2025.11.14-19.00.46:105][  0]LogConfig: Setting CVar [[r.DOF.Recombine.Quality:1                ; cheap slight out of focus]]
[2025.11.14-19.00.46:106][  0]LogConfig: Setting CVar [[r.DOF.Recombine.EnableBokehSettings:0    ; no bokeh simulation on slight out of focus]]
[2025.11.14-19.00.46:106][  0]LogConfig: Setting CVar [[r.DOF.TemporalAAQuality:1                ; more stable temporal accumulation]]
[2025.11.14-19.00.46:106][  0]LogConfig: Setting CVar [[r.DOF.Kernel.MaxForegroundRadius:0.025]]
[2025.11.14-19.00.46:106][  0]LogConfig: Setting CVar [[r.DOF.Kernel.MaxBackgroundRadius:0.025]]
[2025.11.14-19.00.46:106][  0]LogConfig: Applying CVar settings from Section [TextureQuality@3] File [C:/Git/Saf/GameUniHack/PixelPerfect/Saved/Config/Windows/Scalability.ini]
[2025.11.14-19.00.46:106][  0]LogConfig: Setting CVar [[r.Streaming.MipBias:0]]
[2025.11.14-19.00.46:106][  0]LogConfig: Setting CVar [[r.Streaming.AmortizeCPUToGPUCopy:0]]
[2025.11.14-19.00.46:106][  0]LogConfig: Setting CVar [[r.Streaming.MaxNumTexturesToStreamPerFrame:0]]
[2025.11.14-19.00.46:106][  0]LogConfig: Setting CVar [[r.Streaming.Boost:1]]
[2025.11.14-19.00.46:106][  0]LogConfig: Setting CVar [[r.MaxAnisotropy:8]]
[2025.11.14-19.00.46:106][  0]LogConfig: Setting CVar [[r.VT.MaxAnisotropy:8]]
[2025.11.14-19.00.46:106][  0]LogConfig: Setting CVar [[r.Streaming.LimitPoolSizeToVRAM:0]]
[2025.11.14-19.00.46:106][  0]LogConfig: Setting CVar [[r.Streaming.PoolSize:1000]]
[2025.11.14-19.00.46:106][  0]LogConfig: Setting CVar [[r.Streaming.MaxEffectiveScreenSize:0]]
[2025.11.14-19.00.46:106][  0]LogConfig: Applying CVar settings from Section [EffectsQuality@3] File [C:/Git/Saf/GameUniHack/PixelPerfect/Saved/Config/Windows/Scalability.ini]
[2025.11.14-19.00.46:106][  0]LogConfig: Setting CVar [[r.TranslucencyLightingVolumeDim:64]]
[2025.11.14-19.00.46:106][  0]LogConfig: Setting CVar [[r.RefractionQuality:2]]
[2025.11.14-19.00.46:106][  0]LogConfig: Setting CVar [[r.SSR.Quality:3]]
[2025.11.14-19.00.46:106][  0]LogConfig: Setting CVar [[r.SSR.HalfResSceneColor:0]]
[2025.11.14-19.00.46:106][  0]LogConfig: Setting CVar [[r.SceneColorFormat:4]]
[2025.11.14-19.00.46:106][  0]LogConfig: Setting CVar [[r.DetailMode:2]]
[2025.11.14-19.00.46:106][  0]LogConfig: Setting CVar [[r.TranslucencyVolumeBlur:1]]
[2025.11.14-19.00.46:106][  0]LogConfig: Setting CVar [[r.MaterialQualityLevel:1 ; High quality]]
[2025.11.14-19.00.46:106][  0]LogConfig: Setting CVar [[r.SSS.Scale:1]]
[2025.11.14-19.00.46:106][  0]LogConfig: Setting CVar [[r.SSS.SampleSet:2]]
[2025.11.14-19.00.46:106][  0]LogConfig: Setting CVar [[r.SSS.Quality:1]]
[2025.11.14-19.00.46:106][  0]LogConfig: Setting CVar [[r.SSS.HalfRes:0]]
[2025.11.14-19.00.46:106][  0]LogConfig: Setting CVar [[r.SSGI.Quality:3]]
[2025.11.14-19.00.46:106][  0]LogConfig: Setting CVar [[r.EmitterSpawnRateScale:1.0]]
[2025.11.14-19.00.46:106][  0]LogConfig: Setting CVar [[r.ParticleLightQuality:2]]
[2025.11.14-19.00.46:106][  0]LogConfig: Setting CVar [[r.SkyAtmosphere.AerialPerspectiveLUT.FastApplyOnOpaque:1 ; Always have FastSkyLUT 1 in this case to avoid wrong sky]]
[2025.11.14-19.00.46:106][  0]LogConfig: Setting CVar [[r.SkyAtmosphere.AerialPerspectiveLUT.SampleCountPerSlice:1]]
[2025.11.14-19.00.46:106][  0]LogConfig: Setting CVar [[r.SkyAtmosphere.AerialPerspectiveLUT.DepthResolution:16.0]]
[2025.11.14-19.00.46:106][  0]LogConfig: Setting CVar [[r.SkyAtmosphere.FastSkyLUT:1]]
[2025.11.14-19.00.46:106][  0]LogConfig: Setting CVar [[r.SkyAtmosphere.FastSkyLUT.SampleCountMin:4.0]]
[2025.11.14-19.00.46:106][  0]LogConfig: Setting CVar [[r.SkyAtmosphere.FastSkyLUT.SampleCountMax:32.0]]
[2025.11.14-19.00.46:106][  0]LogConfig: Setting CVar [[r.SkyAtmosphere.SampleCountMin:4.0]]
[2025.11.14-19.00.46:106][  0]LogConfig: Setting CVar [[r.SkyAtmosphere.SampleCountMax:32.0]]
[2025.11.14-19.00.46:106][  0]LogConfig: Setting CVar [[r.SkyAtmosphere.TransmittanceLUT.UseSmallFormat:0]]
[2025.11.14-19.00.46:106][  0]LogConfig: Setting CVar [[r.SkyAtmosphere.TransmittanceLUT.SampleCount:10.0]]
[2025.11.14-19.00.46:106][  0]LogConfig: Setting CVar [[r.SkyAtmosphere.MultiScatteringLUT.SampleCount:15.0]]
[2025.11.14-19.00.46:106][  0]LogConfig: Applying CVar settings from Section [FoliageQuality@3] File [C:/Git/Saf/GameUniHack/PixelPerfect/Saved/Config/Windows/Scalability.ini]
[2025.11.14-19.00.46:106][  0]LogConfig: Setting CVar [[foliage.DensityScale:1.0]]
[2025.11.14-19.00.46:106][  0]LogConfig: Setting CVar [[grass.DensityScale:1.0]]
[2025.11.14-19.00.46:106][  0]LogConfig: Applying CVar settings from Section [ShadingQuality@3] File [C:/Git/Saf/GameUniHack/PixelPerfect/Saved/Config/Windows/Scalability.ini]
[2025.11.14-19.00.46:106][  0]LogConfig: Setting CVar [[r.HairStrands.SkyLighting.SampleCount:16]]
[2025.11.14-19.00.46:106][  0]LogConfig: Setting CVar [[r.HairStrands.SkyLighting.JitterIntegration:0]]
[2025.11.14-19.00.46:106][  0]LogConfig: Setting CVar [[r.HairStrands.SkyAO.SampleCount:16]]
[2025.11.14-19.00.46:106][  0]LogConfig: Setting CVar [[r.HairStrands.DeepShadow.SuperSampling:0]]
[2025.11.14-19.00.46:106][  0]LogConfig: Setting CVar [[r.HairStrands.VisibilityPPLL:0]]
[2025.11.14-19.00.46:106][  0]LogConfig: Setting CVar [[r.HairStrands.RasterizationScale:0.5]]
[2025.11.14-19.00.46:106][  0]LogConfig: Setting CVar [[r.HairStrands.VelocityRasterizationScale:1]]
[2025.11.14-19.00.46:106][  0]LogInit: Selected Device Profile: [Windows]
[2025.11.14-19.00.46:106][  0]LogInit: Applying CVar settings loaded from the selected device profile: [Windows]
[2025.11.14-19.00.46:106][  0]LogHAL: Display: Platform has ~ 16 GB [16870006784 / 17179869184 / 16], which maps to Larger [LargestMinGB=32, LargerMinGB=12, DefaultMinGB=8, SmallerMinGB=6, SmallestMinGB=0)
[2025.11.14-19.00.46:106][  0]LogInit: Going up to parent DeviceProfile []
[2025.11.14-19.00.46:106][  0]LogConfig: Applying CVar settings from Section [ViewDistanceQuality@3] File [C:/Git/Saf/GameUniHack/PixelPerfect/Saved/Config/Windows/Scalability.ini]
[2025.11.14-19.00.46:106][  0]LogConfig: Setting CVar [[r.SkeletalMeshLODBias:0]]
[2025.11.14-19.00.46:106][  0]LogConfig: Setting CVar [[r.ViewDistanceScale:1.0]]
[2025.11.14-19.00.46:106][  0]LogConfig: Applying CVar settings from Section [AntiAliasingQuality@3] File [C:/Git/Saf/GameUniHack/PixelPerfect/Saved/Config/Windows/Scalability.ini]
[2025.11.14-19.00.46:106][  0]LogConfig: Setting CVar [[r.PostProcessAAQuality:4]]
[2025.11.14-19.00.46:106][  0]LogConfig: Applying CVar settings from Section [ShadowQuality@3] File [C:/Git/Saf/GameUniHack/PixelPerfect/Saved/Config/Windows/Scalability.ini]
[2025.11.14-19.00.46:106][  0]LogConfig: Setting CVar [[r.LightFunctionQuality:1]]
[2025.11.14-19.00.46:106][  0]LogConfig: Setting CVar [[r.ShadowQuality:5]]
[2025.11.14-19.00.46:106][  0]LogConfig: Setting CVar [[r.Shadow.CSM.MaxCascades:10]]
[2025.11.14-19.00.46:106][  0]LogConfig: Setting CVar [[r.Shadow.MaxResolution:2048]]
[2025.11.14-19.00.46:106][  0]LogConfig: Setting CVar [[r.Shadow.MaxCSMResolution:2048]]
[2025.11.14-19.00.46:106][  0]LogConfig: Setting CVar [[r.Shadow.RadiusThreshold:0.01]]
[2025.11.14-19.00.46:106][  0]LogConfig: Setting CVar [[r.Shadow.DistanceScale:1.0]]
[2025.11.14-19.00.46:106][  0]LogConfig: Setting CVar [[r.Shadow.CSM.TransitionScale:1.0]]
[2025.11.14-19.00.46:106][  0]LogConfig: Setting CVar [[r.Shadow.PreShadowResolutionFactor:1.0]]
[2025.11.14-19.00.46:106][  0]LogConfig: Setting CVar [[r.DistanceFieldShadowing:1]]
[2025.11.14-19.00.46:106][  0]LogConfig: Setting CVar [[r.DistanceFieldAO:1]]
[2025.11.14-19.00.46:106][  0]LogConfig: Setting CVar [[r.AOQuality:2]]
[2025.11.14-19.00.46:106][  0]LogConfig: Setting CVar [[r.VolumetricFog:1]]
[2025.11.14-19.00.46:106][  0]LogConfig: Setting CVar [[r.VolumetricFog.GridPixelSize:8]]
[2025.11.14-19.00.46:106][  0]LogConfig: Setting CVar [[r.VolumetricFog.GridSizeZ:128]]
[2025.11.14-19.00.46:106][  0]LogConfig: Setting CVar [[r.VolumetricFog.HistoryMissSupersampleCount:4]]
[2025.11.14-19.00.46:106][  0]LogConfig: Setting CVar [[r.LightMaxDrawDistanceScale:1]]
[2025.11.14-19.00.46:106][  0]LogConfig: Setting CVar [[r.CapsuleShadows:1]]
[2025.11.14-19.00.46:106][  0]LogConfig: Applying CVar settings from Section [PostProcessQuality@3] File [C:/Git/Saf/GameUniHack/PixelPerfect/Saved/Config/Windows/Scalability.ini]
[2025.11.14-19.00.46:106][  0]LogConfig: Setting CVar [[r.MotionBlurQuality:4]]
[2025.11.14-19.00.46:106][  0]LogConfig: Setting CVar [[r.AmbientOcclusionMipLevelFactor:0.4]]
[2025.11.14-19.00.46:106][  0]LogConfig: Setting CVar [[r.AmbientOcclusionMaxQuality:100]]
[2025.11.14-19.00.46:106][  0]LogConfig: Setting CVar [[r.AmbientOcclusionLevels:-1]]
[2025.11.14-19.00.46:106][  0]LogConfig: Setting CVar [[r.AmbientOcclusionRadiusScale:1.0]]
[2025.11.14-19.00.46:106][  0]LogConfig: Setting CVar [[r.DepthOfFieldQuality:2]]
[2025.11.14-19.00.46:106][  0]LogConfig: Setting CVar [[r.RenderTargetPoolMin:400]]
[2025.11.14-19.00.46:106][  0]LogConfig: Setting CVar [[r.LensFlareQuality:2]]
[2025.11.14-19.00.46:106][  0]LogConfig: Setting CVar [[r.SceneColorFringeQuality:1]]
[2025.11.14-19.00.46:106][  0]LogConfig: Setting CVar [[r.EyeAdaptationQuality:2]]
[2025.11.14-19.00.46:106][  0]LogConfig: Setting CVar [[r.BloomQuality:5]]
[2025.11.14-19.00.46:106][  0]LogConfig: Setting CVar [[r.FastBlurThreshold:100]]
[2025.11.14-19.00.46:107][  0]LogConfig: Setting CVar [[r.Upscale.Quality:3]]
[2025.11.14-19.00.46:107][  0]LogConfig: Setting CVar [[r.Tonemapper.GrainQuantization:1]]
[2025.11.14-19.00.46:107][  0]LogConfig: Setting CVar [[r.LightShaftQuality:1]]
[2025.11.14-19.00.46:107][  0]LogConfig: Setting CVar [[r.Filter.SizeScale:1]]
[2025.11.14-19.00.46:107][  0]LogConfig: Setting CVar [[r.Tonemapper.Quality:5]]
[2025.11.14-19.00.46:107][  0]LogConfig: Setting CVar [[r.DOF.Gather.AccumulatorQuality:1        ; higher gathering accumulator quality]]
[2025.11.14-19.00.46:107][  0]LogConfig: Setting CVar [[r.DOF.Gather.PostfilterMethod:1          ; Median3x3 postfilering method]]
[2025.11.14-19.00.46:107][  0]LogConfig: Setting CVar [[r.DOF.Gather.EnableBokehSettings:0       ; no bokeh simulation when gathering]]
[2025.11.14-19.00.46:107][  0]LogConfig: Setting CVar [[r.DOF.Gather.RingCount:4                 ; medium number of samples when gathering]]
[2025.11.14-19.00.46:107][  0]LogConfig: Setting CVar [[r.DOF.Scatter.ForegroundCompositing:1    ; additive foreground scattering]]
[2025.11.14-19.00.46:107][  0]LogConfig: Setting CVar [[r.DOF.Scatter.BackgroundCompositing:2    ; additive background scattering]]
[2025.11.14-19.00.46:107][  0]LogConfig: Setting CVar [[r.DOF.Scatter.EnableBokehSettings:1      ; bokeh simulation when scattering]]
[2025.11.14-19.00.46:107][  0]LogConfig: Setting CVar [[r.DOF.Scatter.MaxSpriteRatio:0.1         ; only a maximum of 10% of scattered bokeh]]
[2025.11.14-19.00.46:107][  0]LogConfig: Setting CVar [[r.DOF.Recombine.Quality:1                ; cheap slight out of focus]]
[2025.11.14-19.00.46:107][  0]LogConfig: Setting CVar [[r.DOF.Recombine.EnableBokehSettings:0    ; no bokeh simulation on slight out of focus]]
[2025.11.14-19.00.46:107][  0]LogConfig: Setting CVar [[r.DOF.TemporalAAQuality:1                ; more stable temporal accumulation]]
[2025.11.14-19.00.46:107][  0]LogConfig: Setting CVar [[r.DOF.Kernel.MaxForegroundRadius:0.025]]
[2025.11.14-19.00.46:107][  0]LogConfig: Setting CVar [[r.DOF.Kernel.MaxBackgroundRadius:0.025]]
[2025.11.14-19.00.46:107][  0]LogConfig: Applying CVar settings from Section [TextureQuality@3] File [C:/Git/Saf/GameUniHack/PixelPerfect/Saved/Config/Windows/Scalability.ini]
[2025.11.14-19.00.46:107][  0]LogConfig: Setting CVar [[r.Streaming.MipBias:0]]
[2025.11.14-19.00.46:107][  0]LogConfig: Setting CVar [[r.Streaming.AmortizeCPUToGPUCopy:0]]
[2025.11.14-19.00.46:107][  0]LogConfig: Setting CVar [[r.Streaming.MaxNumTexturesToStreamPerFrame:0]]
[2025.11.14-19.00.46:107][  0]LogConfig: Setting CVar [[r.Streaming.Boost:1]]
[2025.11.14-19.00.46:107][  0]LogConfig: Setting CVar [[r.MaxAnisotropy:8]]
[2025.11.14-19.00.46:107][  0]LogConfig: Setting CVar [[r.VT.MaxAnisotropy:8]]
[2025.11.14-19.00.46:107][  0]LogConfig: Setting CVar [[r.Streaming.LimitPoolSizeToVRAM:0]]
[2025.11.14-19.00.46:107][  0]LogConfig: Setting CVar [[r.Streaming.PoolSize:1000]]
[2025.11.14-19.00.46:107][  0]LogConfig: Setting CVar [[r.Streaming.MaxEffectiveScreenSize:0]]
[2025.11.14-19.00.46:107][  0]LogConfig: Applying CVar settings from Section [EffectsQuality@3] File [C:/Git/Saf/GameUniHack/PixelPerfect/Saved/Config/Windows/Scalability.ini]
[2025.11.14-19.00.46:107][  0]LogConfig: Setting CVar [[r.TranslucencyLightingVolumeDim:64]]
[2025.11.14-19.00.46:107][  0]LogConfig: Setting CVar [[r.RefractionQuality:2]]
[2025.11.14-19.00.46:107][  0]LogConfig: Setting CVar [[r.SSR.Quality:3]]
[2025.11.14-19.00.46:107][  0]LogConfig: Setting CVar [[r.SSR.HalfResSceneColor:0]]
[2025.11.14-19.00.46:107][  0]LogConfig: Setting CVar [[r.SceneColorFormat:4]]
[2025.11.14-19.00.46:107][  0]LogConfig: Setting CVar [[r.DetailMode:2]]
[2025.11.14-19.00.46:107][  0]LogConfig: Setting CVar [[r.TranslucencyVolumeBlur:1]]
[2025.11.14-19.00.46:107][  0]LogConfig: Setting CVar [[r.MaterialQualityLevel:1 ; High quality]]
[2025.11.14-19.00.46:107][  0]LogConfig: Setting CVar [[r.SSS.Scale:1]]
[2025.11.14-19.00.46:107][  0]LogConfig: Setting CVar [[r.SSS.SampleSet:2]]
[2025.11.14-19.00.46:107][  0]LogConfig: Setting CVar [[r.SSS.Quality:1]]
[2025.11.14-19.00.46:107][  0]LogConfig: Setting CVar [[r.SSS.HalfRes:0]]
[2025.11.14-19.00.46:107][  0]LogConfig: Setting CVar [[r.SSGI.Quality:3]]
[2025.11.14-19.00.46:107][  0]LogConfig: Setting CVar [[r.EmitterSpawnRateScale:1.0]]
[2025.11.14-19.00.46:107][  0]LogConfig: Setting CVar [[r.ParticleLightQuality:2]]
[2025.11.14-19.00.46:107][  0]LogConfig: Setting CVar [[r.SkyAtmosphere.AerialPerspectiveLUT.FastApplyOnOpaque:1 ; Always have FastSkyLUT 1 in this case to avoid wrong sky]]
[2025.11.14-19.00.46:107][  0]LogConfig: Setting CVar [[r.SkyAtmosphere.AerialPerspectiveLUT.SampleCountPerSlice:1]]
[2025.11.14-19.00.46:107][  0]LogConfig: Setting CVar [[r.SkyAtmosphere.AerialPerspectiveLUT.DepthResolution:16.0]]
[2025.11.14-19.00.46:107][  0]LogConfig: Setting CVar [[r.SkyAtmosphere.FastSkyLUT:1]]
[2025.11.14-19.00.46:107][  0]LogConfig: Setting CVar [[r.SkyAtmosphere.FastSkyLUT.SampleCountMin:4.0]]
[2025.11.14-19.00.46:107][  0]LogConfig: Setting CVar [[r.SkyAtmosphere.FastSkyLUT.SampleCountMax:32.0]]
[2025.11.14-19.00.46:107][  0]LogConfig: Setting CVar [[r.SkyAtmosphere.SampleCountMin:4.0]]
[2025.11.14-19.00.46:107][  0]LogConfig: Setting CVar [[r.SkyAtmosphere.SampleCountMax:32.0]]
[2025.11.14-19.00.46:107][  0]LogConfig: Setting CVar [[r.SkyAtmosphere.TransmittanceLUT.UseSmallFormat:0]]
[2025.11.14-19.00.46:107][  0]LogConfig: Setting CVar [[r.SkyAtmosphere.TransmittanceLUT.SampleCount:10.0]]
[2025.11.14-19.00.46:107][  0]LogConfig: Setting CVar [[r.SkyAtmosphere.MultiScatteringLUT.SampleCount:15.0]]
[2025.11.14-19.00.46:107][  0]LogConfig: Applying CVar settings from Section [FoliageQuality@3] File [C:/Git/Saf/GameUniHack/PixelPerfect/Saved/Config/Windows/Scalability.ini]
[2025.11.14-19.00.46:107][  0]LogConfig: Setting CVar [[foliage.DensityScale:1.0]]
[2025.11.14-19.00.46:107][  0]LogConfig: Setting CVar [[grass.DensityScale:1.0]]
[2025.11.14-19.00.46:107][  0]LogConfig: Applying CVar settings from Section [ShadingQuality@3] File [C:/Git/Saf/GameUniHack/PixelPerfect/Saved/Config/Windows/Scalability.ini]
[2025.11.14-19.00.46:107][  0]LogConfig: Setting CVar [[r.HairStrands.SkyLighting.SampleCount:16]]
[2025.11.14-19.00.46:107][  0]LogConfig: Setting CVar [[r.HairStrands.SkyLighting.JitterIntegration:0]]
[2025.11.14-19.00.46:107][  0]LogConfig: Setting CVar [[r.HairStrands.SkyAO.SampleCount:16]]
[2025.11.14-19.00.46:107][  0]LogConfig: Setting CVar [[r.HairStrands.DeepShadow.SuperSampling:0]]
[2025.11.14-19.00.46:107][  0]LogConfig: Setting CVar [[r.HairStrands.VisibilityPPLL:0]]
[2025.11.14-19.00.46:107][  0]LogConfig: Setting CVar [[r.HairStrands.RasterizationScale:0.5]]
[2025.11.14-19.00.46:107][  0]LogConfig: Setting CVar [[r.HairStrands.VelocityRasterizationScale:1]]
[2025.11.14-19.00.46:107][  0]LogConfig: Applying CVar settings from Section [Startup] File [../../../Engine/Config/ConsoleVariables.ini]
[2025.11.14-19.00.46:108][  0]LogConfig: Setting CVar [[net.UseAdaptiveNetUpdateFrequency:0]]
[2025.11.14-19.00.46:108][  0]LogConfig: Setting CVar [[p.chaos.AllowCreatePhysxBodies:1]]
[2025.11.14-19.00.46:108][  0]LogConfig: Setting CVar [[fx.SkipVectorVMBackendOptimizations:1]]
[2025.11.14-19.00.46:108][  0]LogConfig: Applying CVar settings from Section [ConsoleVariables] File [C:/Git/Saf/GameUniHack/PixelPerfect/Saved/Config/Windows/Engine.ini]
[2025.11.14-19.00.46:108][  0]LogInit: Computer: MIRONEL
[2025.11.14-19.00.46:108][  0]LogInit: User: Dorain
[2025.11.14-19.00.46:108][  0]LogInit: CPU Page size=4096, Cores=8
[2025.11.14-19.00.46:108][  0]LogInit: High frequency timer resolution =10.000000 MHz
[2025.11.14-19.00.46:108][  0]LogMemory: Memory total: Physical=15.7GB (16GB approx)
[2025.11.14-19.00.46:109][  0]LogMemory: Platform Memory Stats for Windows
[2025.11.14-19.00.46:109][  0]LogMemory: Process Physical Memory: 121.19 MB used, 121.19 MB peak
[2025.11.14-19.00.46:109][  0]LogMemory: Process Virtual Memory: 97.34 MB used, 97.34 MB peak
[2025.11.14-19.00.46:109][  0]LogMemory: Physical Memory: 10792.94 MB used,  5295.55 MB free, 16088.49 MB total
[2025.11.14-19.00.46:109][  0]LogMemory: Virtual Memory: 5176.27 MB used,  134212552.00 MB free, 134217728.00 MB total
[2025.11.14-19.00.46:114][  0]LogWindows: WindowsPlatformFeatures enabled
[2025.11.14-19.00.46:180][  0]LogInit: Physics initialised using underlying interface: PhysX
[2025.11.14-19.00.46:181][  0]LogInit: Using OS detected language (en-US).
[2025.11.14-19.00.46:181][  0]LogInit: Using OS detected locale (en-US).
[2025.11.14-19.00.46:192][  0]LogTextLocalizationManager: No specific localization for 'en-US' exists, so the 'en' localization will be used.
[2025.11.14-19.00.46:470][  0]LogInit: Setting process to per monitor DPI aware
[2025.11.14-19.00.46:540][  0]LogSlate: New Slate User Created.  User Index 0, Is Virtual User: 0
[2025.11.14-19.00.46:540][  0]LogSlate: Slate User Registered.  User Index 0, Is Virtual User: 0
[2025.11.14-19.00.51:688][  0]LogHMD: Failed to initialize OpenVR with code 110
[2025.11.14-19.00.51:688][  0]LogD3D11RHI: D3D11 min allowed feature level: 11_0
[2025.11.14-19.00.51:688][  0]LogD3D11RHI: D3D11 max allowed feature level: 11_0
[2025.11.14-19.00.51:688][  0]LogD3D11RHI: D3D11 adapters:
[2025.11.14-19.00.51:884][  0]LogD3D11RHI:    0. 'NVIDIA GeForce RTX 3050 Laptop GPU' (Feature Level 11_0)
[2025.11.14-19.00.51:884][  0]LogD3D11RHI:       3965/0/8044 MB DedicatedVideo/DedicatedSystem/SharedSystem, Outputs:1, VendorId:0x10de
[2025.11.14-19.00.51:965][  0]LogD3D11RHI:    1. 'Intel(R) UHD Graphics' (Feature Level 11_0)
[2025.11.14-19.00.51:965][  0]LogD3D11RHI:       128/0/8044 MB DedicatedVideo/DedicatedSystem/SharedSystem, Outputs:0, VendorId:0x8086
[2025.11.14-19.00.51:994][  0]LogD3D11RHI:    2. 'Microsoft Basic Render Driver' (Feature Level 11_0)
[2025.11.14-19.00.51:994][  0]LogD3D11RHI:       0/0/8044 MB DedicatedVideo/DedicatedSystem/SharedSystem, Outputs:0, VendorId:0x1414
[2025.11.14-19.00.51:994][  0]LogD3D11RHI: Chosen D3D11 Adapter: 0
[2025.11.14-19.00.52:006][  0]LogD3D11RHI: Creating new Direct3DDevice
[2025.11.14-19.00.52:006][  0]LogD3D11RHI:     GPU DeviceId: 0x25a2 (for the marketing name, search the web for "GPU Device Id")
[2025.11.14-19.00.52:006][  0]LogWindows: EnumDisplayDevices:
[2025.11.14-19.00.52:006][  0]LogWindows:    0. 'Intel(R) UHD Graphics' (P:1 D:1)
[2025.11.14-19.00.52:007][  0]LogWindows:    1. 'Intel(R) UHD Graphics' (P:0 D:0)
[2025.11.14-19.00.52:007][  0]LogWindows:    2. 'Intel(R) UHD Graphics' (P:0 D:0)
[2025.11.14-19.00.52:007][  0]LogWindows:    3. 'Intel(R) UHD Graphics' (P:0 D:0)
[2025.11.14-19.00.52:007][  0]LogWindows: DebugString: PrimaryIsNotTheChoosenAdapter PrimaryIsNotTheChoosenAdapter PrimaryIsNotTheChoosenAdapter PrimaryIsNotTheChoosenAdapter FoundDriverCount:0 
[2025.11.14-19.00.52:007][  0]LogD3D11RHI:     Adapter Name: NVIDIA GeForce RTX 3050 Laptop GPU
[2025.11.14-19.00.52:007][  0]LogD3D11RHI:   Driver Version: Unknown (internal:Unknown, unified:Unknown)
[2025.11.14-19.00.52:007][  0]LogD3D11RHI:      Driver Date: Unknown
[2025.11.14-19.00.52:007][  0]LogRHI: Texture pool is 2775 MB (70% of 3965 MB)
[2025.11.14-19.00.52:149][  0]LogD3D11RHI: RHI has support for 64 bit atomics
[2025.11.14-19.00.52:149][  0]LogD3D11RHI: Async texture creation enabled
[2025.11.14-19.00.52:149][  0]LogD3D11RHI: Array index from any shader is supported
[2025.11.14-19.00.52:172][  0]LogD3D11RHI: GPU Timing Frequency: 1000.000000 (Debug: 2 2)
[2025.11.14-19.00.52:738][  0]LogTargetPlatformManager: Display: Loaded TargetPlatform 'AllDesktop'
[2025.11.14-19.00.52:759][  0]LogTargetPlatformManager: Display: Loaded TargetPlatform 'Android'
[2025.11.14-19.00.52:759][  0]LogTargetPlatformManager: Display: Loaded TargetPlatform 'Android_ASTC'
[2025.11.14-19.00.52:759][  0]LogTargetPlatformManager: Display: Loaded TargetPlatform 'Android_DXT'
[2025.11.14-19.00.52:759][  0]LogTargetPlatformManager: Display: Loaded TargetPlatform 'Android_ETC2'
[2025.11.14-19.00.52:759][  0]LogTargetPlatformManager: Display: Loaded TargetPlatform 'AndroidClient'
[2025.11.14-19.00.52:759][  0]LogTargetPlatformManager: Display: Loaded TargetPlatform 'Android_ASTCClient'
[2025.11.14-19.00.52:759][  0]LogTargetPlatformManager: Display: Loaded TargetPlatform 'Android_DXTClient'
[2025.11.14-19.00.52:759][  0]LogTargetPlatformManager: Display: Loaded TargetPlatform 'Android_ETC2Client'
[2025.11.14-19.00.52:759][  0]LogTargetPlatformManager: Display: Loaded TargetPlatform 'Android_Multi'
[2025.11.14-19.00.52:759][  0]LogTargetPlatformManager: Display: Loaded TargetPlatform 'Android_MultiClient'
[2025.11.14-19.00.52:785][  0]LogTargetPlatformManager: Display: Loaded TargetPlatform 'IOSClient'
[2025.11.14-19.00.52:785][  0]LogTargetPlatformManager: Display: Loaded TargetPlatform 'IOS'
[2025.11.14-19.00.52:798][  0]LogTargetPlatformManager: Display: Loaded TargetPlatform 'Linux'
[2025.11.14-19.00.52:808][  0]LogTargetPlatformManager: Display: Loaded TargetPlatform 'LinuxNoEditor'
[2025.11.14-19.00.52:818][  0]LogTargetPlatformManager: Display: Loaded TargetPlatform 'LinuxClient'
[2025.11.14-19.00.52:827][  0]LogTargetPlatformManager: Display: Loaded TargetPlatform 'LinuxServer'
[2025.11.14-19.00.52:837][  0]LogTargetPlatformManager: Display: Loaded TargetPlatform 'LinuxAArch64NoEditor'
[2025.11.14-19.00.52:847][  0]LogTargetPlatformManager: Display: Loaded TargetPlatform 'LinuxAArch64Client'
[2025.11.14-19.00.52:856][  0]LogTargetPlatformManager: Display: Loaded TargetPlatform 'LinuxAArch64Server'
[2025.11.14-19.00.52:883][  0]LogTargetPlatformManager: Display: Loaded TargetPlatform 'Lumin'
[2025.11.14-19.00.52:883][  0]LogTargetPlatformManager: Display: Loaded TargetPlatform 'LuminClient'
[2025.11.14-19.00.52:897][  0]LogTargetPlatformManager: Display: Loaded TargetPlatform 'TVOSClient'
[2025.11.14-19.00.52:897][  0]LogTargetPlatformManager: Display: Loaded TargetPlatform 'TVOS'
[2025.11.14-19.00.52:906][  0]LogTargetPlatformManager: Display: Loaded TargetPlatform 'WindowsNoEditor'
[2025.11.14-19.00.52:916][  0]LogTargetPlatformManager: Display: Loaded TargetPlatform 'Windows'
[2025.11.14-19.00.52:925][  0]LogTargetPlatformManager: Display: Loaded TargetPlatform 'WindowsClient'
[2025.11.14-19.00.52:934][  0]LogTargetPlatformManager: Display: Loaded TargetPlatform 'WindowsServer'
[2025.11.14-19.00.52:934][  0]LogTargetPlatformManager: Display: Building Assets For Windows
[2025.11.14-19.00.52:945][  0]LogAudioDebug: Display: Lib vorbis DLL was dynamically loaded.
[2025.11.14-19.00.53:035][  0]LogShaderCompilers: Guid format shader working directory is -4 characters bigger than the processId version (../../../../../../Git/Saf/GameUniHack/PixelPerfect/Intermediate/Shaders/WorkingDirectory/22752/).
[2025.11.14-19.00.53:036][  0]LogShaderCompilers: Cleaned the shader compiler working directory 'C:/Users/Dorain/AppData/Local/Temp/UnrealShaderWorkingDir/3166387749913E5D819554B63A31F060/'.
[2025.11.14-19.00.53:036][  0]LogXGEController: Cannot use XGE Controller as Incredibuild is not installed on this machine.
[2025.11.14-19.00.53:037][  0]LogShaderCompilers: Cannot use XGE Shader Compiler as Incredibuild is not installed on this machine.
[2025.11.14-19.00.53:037][  0]LogShaderCompilers: Display: Using Local Shader Compiler.
[2025.11.14-19.00.58:433][  0]LogDerivedDataCache: Display: Max Cache Size: 512 MB
[2025.11.14-19.00.58:502][  0]LogDerivedDataCache: Loaded boot cache 0.07s 75MB C:/Users/Dorain/AppData/Local/UnrealEngine/4.25/DerivedDataCache/Boot.ddc.
[2025.11.14-19.00.58:502][  0]LogDerivedDataCache: Display: Loaded Boot cache: C:/Users/Dorain/AppData/Local/UnrealEngine/4.25/DerivedDataCache/Boot.ddc
[2025.11.14-19.00.58:502][  0]LogDerivedDataCache: FDerivedDataBackendGraph:  Pak pak cache file ../../../../../../Git/Saf/GameUniHack/PixelPerfect/DerivedDataCache/DDC.ddp not found, will not use a pak cache.
[2025.11.14-19.00.58:502][  0]LogDerivedDataCache: Unable to find inner node Pak for hierarchical cache Hierarchy.
[2025.11.14-19.00.58:502][  0]LogDerivedDataCache: FDerivedDataBackendGraph:  CompressedPak pak cache file ../../../../../../Git/Saf/GameUniHack/PixelPerfect/DerivedDataCache/Compressed.ddp not found, will not use a pak cache.
[2025.11.14-19.00.58:503][  0]LogDerivedDataCache: Unable to find inner node CompressedPak for hierarchical cache Hierarchy.
[2025.11.14-19.00.58:517][  0]LogDerivedDataCache: Display: Pak cache opened for reading ../../../Engine/DerivedDataCache/Compressed.ddp.
[2025.11.14-19.00.58:518][  0]LogDerivedDataCache: FDerivedDataBackendGraph:  EnterprisePak pak cache file ../../../Enterprise/DerivedDataCache/Compressed.ddp not found, will not use a pak cache.
[2025.11.14-19.00.58:518][  0]LogDerivedDataCache: Unable to find inner node EnterprisePak for hierarchical cache Hierarchy.
[2025.11.14-19.00.58:519][  0]LogDerivedDataCache: Using Local data cache path C:/Users/Dorain/AppData/Local/UnrealEngine/Common/DerivedDataCache: Writable
[2025.11.14-19.00.58:519][  0]LogDerivedDataCache: Shared data cache path not found in *engine.ini, will not use an Shared cache.
[2025.11.14-19.00.58:519][  0]LogDerivedDataCache: Unable to find inner node Shared for hierarchical cache Hierarchy.
[2025.11.14-19.00.58:579][  0]LogSlate: Using FreeType 2.10.0
[2025.11.14-19.00.58:580][  0]LogSlate: SlateFontServices - WITH_FREETYPE: 1, WITH_HARFBUZZ: 1
[2025.11.14-19.00.58:611][  0]LogAssetRegistry: FAssetRegistry took 0.0034 seconds to start up
[2025.11.14-19.00.58:984][  0]LogInit: Selected Device Profile: [Windows]
[2025.11.14-19.00.59:113][  0]LogMeshReduction: Using QuadricMeshReduction for automatic static mesh reduction
[2025.11.14-19.00.59:113][  0]LogMeshReduction: Using SimplygonMeshReduction for automatic skeletal mesh reduction
[2025.11.14-19.00.59:113][  0]LogMeshReduction: Using ProxyLODMeshReduction for automatic mesh merging
[2025.11.14-19.00.59:113][  0]LogMeshReduction: No distributed automatic mesh merging module available
[2025.11.14-19.00.59:113][  0]LogMeshMerging: No distributed automatic mesh merging module available
[2025.11.14-19.00.59:127][  0]LogNetVersion: PixelPerfect 1.0.0, NetCL: 13144385, EngineNetVer: 14, GameNetVer: 0 (Checksum: 3238356578)
[2025.11.14-19.00.59:727][  0]LogAISub: UAISubsystem::UAISubsystem AISubsystem (00000244470D5BC0), frame # 0
[2025.11.14-19.00.59:727][  0]LogAISub: UAISubsystem::UAISubsystem AIPerceptionSystem (000002444701EAC0), frame # 0
[2025.11.14-19.00.59:728][  0]LogAISub: UAISubsystem::UAISubsystem EnvQueryManager (0000024447079E00), frame # 0
[2025.11.14-19.00.59:783][  0]LogPackageLocalizationCache: Processed 19 localized package path(s) for 1 prioritized culture(s) in 0.048322 seconds
[2025.11.14-19.00.59:789][  0]LogUObjectArray: 15917 objects as part of root set at end of initial load.
[2025.11.14-19.00.59:789][  0]LogUObjectAllocator: 3965568 out of 0 bytes used by permanent object pool.
[2025.11.14-19.00.59:790][  0]LogUObjectArray: CloseDisregardForGC: 0/0 objects in disregard for GC pool
[2025.11.14-19.01.00:161][  0]LogTcpMessaging: Initializing TcpMessaging bridge
[2025.11.14-19.01.00:164][  0]LogUdpMessaging: Initializing bridge on interface 0.0.0.0:0 to multicast group 230.0.0.1:6666.
[2025.11.14-19.01.00:228][  0]SourceControl: Source control is disabled
[2025.11.14-19.01.00:228][  0]SourceControl: Source control is disabled
[2025.11.14-19.01.00:232][  0]SourceControl: Source control is disabled
[2025.11.14-19.01.00:234][  0]SourceControl: Source control is disabled
[2025.11.14-19.01.00:241][  0]SourceControl: Source control is disabled
[2025.11.14-19.01.00:553][  0]LogAndroidPermission: UAndroidPermissionCallbackProxy::GetInstance
[2025.11.14-19.01.00:582][  0]LogAudioCaptureCore: Display: No Audio Capture implementations found. Audio input will be silent.
[2025.11.14-19.01.00:582][  0]LogAudioCaptureCore: Display: No Audio Capture implementations found. Audio input will be silent.
[2025.11.14-19.01.00:654][  0]LogOcInput: OculusInput pre-init called
[2025.11.14-19.01.00:666][  0]LogWindows: Failed to load 'OVRPlugin.dll' (GetLastError=126)
[2025.11.14-19.01.00:666][  0]LogWindows: File 'OVRPlugin.dll' does not exist
[2025.11.14-19.01.00:769][  0]LogEngine: Initializing Engine...
[2025.11.14-19.01.00:771][  0]LogHMD: Failed to initialize OpenVR with code 110
[2025.11.14-19.01.00:771][  0]LogMagicLeap: Warning: VR disabled because ZI is not enabled.  To enable, in the editor, Edit -> Project Settings -> Plugins -> Magic Leap Plugin -> Enable Zero Iteration
[2025.11.14-19.01.00:773][  0]LogStats: UGameplayTagsManager::InitializeManager -  0.000 s
[2025.11.14-19.01.00:985][  0]LogInit: Initializing FReadOnlyCVARCache
[2025.11.14-19.01.00:995][  0]LogAIModule: Creating AISystem for world Untitled
[2025.11.14-19.01.00:995][  0]LogAISub: UAISubsystem::UAISubsystem EnvQueryManager (00000244496A0600), frame # 0
[2025.11.14-19.01.00:995][  0]LogAISub: UAISubsystem::UAISubsystem AIPerceptionSystem (000002444963BB00), frame # 0
[2025.11.14-19.01.01:019][  0]LogAudioMixer: Display: Audio Mixer Platform Settings:
[2025.11.14-19.01.01:019][  0]LogAudioMixer: Display: 	Sample Rate:						  48000
[2025.11.14-19.01.01:019][  0]LogAudioMixer: Display: 	Callback Buffer Frame Size Requested: 1024
[2025.11.14-19.01.01:019][  0]LogAudioMixer: Display: 	Callback Buffer Frame Size To Use:	  1024
[2025.11.14-19.01.01:019][  0]LogAudioMixer: Display: 	Number of buffers to queue:			  2
[2025.11.14-19.01.01:019][  0]LogAudioMixer: Display: 	Max Channels (voices):				  32
[2025.11.14-19.01.01:019][  0]LogAudioMixer: Display: 	Number of Async Source Workers:		  0
[2025.11.14-19.01.01:019][  0]LogAudio: Display: AudioDevice MaxSources: 32
[2025.11.14-19.01.01:020][  0]LogAudio: Display: Using built-in audio occlusion.
[2025.11.14-19.01.01:020][  0]LogAudioMixer: Display: Initializing audio mixer.
[2025.11.14-19.01.01:052][  0]LogAudioMixer: Display: 0: FrontLeft
[2025.11.14-19.01.01:052][  0]LogAudioMixer: Display: 1: FrontRight
[2025.11.14-19.01.01:107][  0]LogAudioMixer: Display: Using Audio Device FxSound Speakers (FxSound Audio Enhancer)
[2025.11.14-19.01.01:111][  0]LogAudioMixer: Display: Initializing Sound Submixes...
[2025.11.14-19.01.01:114][  0]LogAudioMixer: Display: Creating Master Submix 'MasterSubmixDefault'
[2025.11.14-19.01.01:115][  0]LogAudioMixer: Display: Creating Master Submix 'MasterReverbSubmixDefault'
[2025.11.14-19.01.01:117][  0]LogAudioMixer: Display: Creating Master Submix 'MasterEQSubmixDefault'
[2025.11.14-19.01.01:120][  0]LogInit: FAudioDevice initialized.
[2025.11.14-19.01.01:120][  0]LogNetVersion: Set ProjectVersion to 1.0.0.0. Version Checksum will be recalculated on next use.
[2025.11.14-19.01.01:157][  0]LogDerivedDataCache: Error: Could not save memory cache C:/Users/Dorain/AppData/Local/UnrealEngine/4.25/DerivedDataCache/Boot.ddc.
[2025.11.14-19.01.01:157][  0]LogInit: Texture streaming: Enabled
[2025.11.14-19.01.01:182][  0]LogEngineSessionManager: EngineSessionManager initialized
[2025.11.14-19.01.01:182][  0]LogEditorSessionSummary: Verbose: Initializing EditorSessionSummaryWriter for editor session tracking
[2025.11.14-19.01.01:184][  0]LogEditorSessionSummary: EditorSessionSummaryWriter initialized
[2025.11.14-19.01.01:263][  0]LogInit: Transaction tracking system initialized
[2025.11.14-19.01.01:277][  0]BlueprintLog: New page: Editor Load
[2025.11.14-19.01.01:398][  0]LocalizationService: Localization service is disabled
[2025.11.14-19.01.01:617][  0]LogCook: Display: Max memory allowance for cook 16384mb min free memory 0mb
[2025.11.14-19.01.01:617][  0]LogCook: Display: Mobile HDR setting 1
[2025.11.14-19.01.01:805][  0]LogFileCache: Scanning file cache for directory 'C:/Git/Saf/GameUniHack/PixelPerfect/Content/' took 0.01s
[2025.11.14-19.01.02:075][  0]SourceControl: Source control is disabled
[2025.11.14-19.01.02:075][  0]LogUnrealEdMisc: Loading editor; pre map load, took 23.247
[2025.11.14-19.01.02:075][  0]Cmd: MAP LOAD FILE="../../../../../../Git/Saf/GameUniHack/PixelPerfect/Content/Levels/Main.umap" TEMPLATE=0 SHOWPROGRESS=1 FEATURELEVEL=3
[2025.11.14-19.01.02:075][  0]LightingResults: New page: Lighting Build
[2025.11.14-19.01.02:076][  0]LogWorld: UWorld::CleanupWorld for Untitled, bSessionEnded=true, bCleanupResources=true
[2025.11.14-19.01.02:076][  0]LogSlate: InvalidateAllWidgets triggered.  All widgets were invalidated
[2025.11.14-19.01.02:076][  0]MapCheck: New page: Map Check
[2025.11.14-19.01.02:076][  0]LightingResults: New page: Lighting Build
[2025.11.14-19.01.02:089][  0]LogAISub: UAISubsystem::~UAISubsystem EnvQueryManager (00000244496A0600), frame # 0
[2025.11.14-19.01.02:089][  0]LogAISub: UAISubsystem::~UAISubsystem AIPerceptionSystem (000002444963BB00), frame # 0
[2025.11.14-19.01.02:090][  0]LogUObjectHash: Compacting FUObjectHashTables data took   0.54ms
[2025.11.14-19.01.02:171][  0]LogAIModule: Creating AISystem for world Main
[2025.11.14-19.01.02:172][  0]LogAISub: UAISubsystem::UAISubsystem EnvQueryManager (000002443AB18800), frame # 0
[2025.11.14-19.01.02:172][  0]LogAISub: UAISubsystem::UAISubsystem AIPerceptionSystem (000002443A44CCC0), frame # 0
[2025.11.14-19.01.02:176][  0]LogEditorServer: Finished looking for orphan Actors (0.000 secs)
[2025.11.14-19.01.02:190][  0]LogUObjectHash: Compacting FUObjectHashTables data took   0.80ms
[2025.11.14-19.01.02:190][  0]Cmd: MAP CHECKDEP NOCLEARLOG
[2025.11.14-19.01.02:191][  0]MapCheck: Map check complete: 0 Error(s), 0 Warning(s), took 0.125ms to complete.
[2025.11.14-19.01.02:191][  0]LogFileHelpers: Loading map 'Main' took 0.116
[2025.11.14-19.01.02:192][  0]LogUnrealEdMisc: Total Editor Startup Time, took 23.365
[2025.11.14-19.01.02:352][  0]LogSlate: Updating window title bar state: overlay mode, drag disabled, window buttons hidden, title bar hidden
[2025.11.14-19.01.02:361][  0]LogSlate: Updating window title bar state: overlay mode, drag disabled, window buttons hidden, title bar hidden
[2025.11.14-19.01.02:367][  0]LogSlate: Updating window title bar state: overlay mode, drag disabled, window buttons hidden, title bar hidden
[2025.11.14-19.01.02:373][  0]LogSlate: Updating window title bar state: overlay mode, drag disabled, window buttons hidden, title bar hidden
[2025.11.14-19.01.02:383][  0]LogCollectionManager: Loaded 0 collections in 0.001762 seconds
[2025.11.14-19.01.02:398][  0]LogFileCache: Scanning file cache for directory 'C:/Git/Saf/GameUniHack/PixelPerfect/Saved/Collections/' took 0.00s
[2025.11.14-19.01.02:398][  0]LogFileCache: Scanning file cache for directory 'C:/Git/Saf/GameUniHack/PixelPerfect/Content/Developers/Dorain/Collections/' took 0.00s
[2025.11.14-19.01.02:398][  0]LogFileCache: Scanning file cache for directory 'C:/Git/Saf/GameUniHack/PixelPerfect/Content/Collections/' took 0.00s
[2025.11.14-19.01.02:398][  0]LogContentBrowser: Native class hierarchy populated in 0.0078 seconds. Added 3427 classes and 821 folders.
[2025.11.14-19.01.02:402][  0]LogContentBrowser: Native class hierarchy updated for 'WidgetCarousel' in 0.0002 seconds. Added 0 classes and 0 folders.
[2025.11.14-19.01.02:567][  0]LogContentBrowser: Native class hierarchy updated for 'AddContentDialog' in 0.0003 seconds. Added 0 classes and 0 folders.
[2025.11.14-19.01.02:568][  0]LogContentBrowser: Native class hierarchy updated for 'SceneOutliner' in 0.0002 seconds. Added 2 classes and 0 folders.
[2025.11.14-19.01.03:090][  0]LogSlate: Took 0.000975 seconds to synchronously load lazily loaded font '../../../Engine/Content/Slate/Fonts/Roboto-Regular.ttf' (155K)
[2025.11.14-19.01.03:092][  0]LogSlate: Took 0.000749 seconds to synchronously load lazily loaded font '../../../Engine/Content/Slate/Fonts/Roboto-Bold.ttf' (160K)
[2025.11.14-19.01.03:096][  0]LogSlate: Took 0.000752 seconds to synchronously load lazily loaded font '../../../Engine/Content/Editor/Slate/Fonts/FontAwesome.ttf' (139K)
[2025.11.14-19.01.03:155][  0]LogRenderer: Reallocating scene render targets to support 840x416 Format 10 NumSamples 1 (Frame:1).
[2025.11.14-19.01.03:237][  0]LogContentBrowser: Native class hierarchy updated for 'HierarchicalLODOutliner' in 0.0004 seconds. Added 0 classes and 0 folders.
[2025.11.14-19.01.03:237][  0]LogLoad: (Engine Initialization) Total time: 24.41 seconds
[2025.11.14-19.01.03:237][  0]LogLoad: (Engine Initialization) Total Blueprint compile time: 0.00 seconds
[2025.11.14-19.01.03:296][  0]LogAssetRegistry: Asset discovery search completed in 4.6870 seconds
[2025.11.14-19.01.03:300][  0]LogCollectionManager: Fixed up redirectors for 0 collections in 0.000003 seconds (updated 0 objects)
[2025.11.14-19.01.03:301][  0]LogContentStreaming: Texture pool size now 1000 MB
[2025.11.14-19.01.03:317][  0]LogSlate: Took 0.001486 seconds to synchronously load lazily loaded font '../../../Engine/Content/Slate/Fonts/Roboto-Light.ttf' (167K)
[2025.11.14-19.01.04:604][  4]LogSlate: Took 0.000351 seconds to synchronously load lazily loaded font '../../../Engine/Content/Slate/Fonts/Roboto-Light.ttf' (167K)
[2025.11.14-19.01.13:378][471]LogAssetEditorSubsystem: Opening Asset editor for Blueprint /Game/Player/BP_Player.BP_Player
[2025.11.14-19.01.13:695][471]LogContentBrowser: Native class hierarchy updated for 'BlueprintGraph' in 0.0009 seconds. Added 125 classes and 0 folders.
[2025.11.14-19.01.14:486][471]LogAssetEditorSubsystem: Opening Asset editor for Blueprint /Game/Player/PlayerGameModeBase.PlayerGameModeBase
[2025.11.14-19.01.14:872][471]LogAssetEditorSubsystem: Opening Asset editor for Blueprint /Game/Player/Player_Controller.Player_Controller
[2025.11.14-19.01.15:231][471]LogSlate: Took 0.000494 seconds to synchronously load lazily loaded font '../../../Engine/Content/Slate/Fonts/Roboto-BoldCondensed.ttf' (158K)
[2025.11.14-19.01.17:719][601]LogSlate: Took 0.002683 seconds to synchronously load lazily loaded font '../../../Engine/Content/Slate/Fonts/Roboto-Italic.ttf' (157K)
[2025.11.14-19.01.20:272][730]LogSlate: Window 'Player_Controller' being destroyed
[2025.11.14-19.01.26:338][911]LogEditorViewport: Clicking on Actor (LMB): BP_Sky_Sphere_C (BP_Sky_Sphere)
[2025.11.14-19.01.26:905][941]Cmd: OBJ SAVEPACKAGE PACKAGE="/Game/Levels/Main" FILE="../../../../../../Git/Saf/GameUniHack/PixelPerfect/Content/Levels/Main.umap" SILENT=true AUTOSAVING=false KEEPDIRTY=false
[2025.11.14-19.01.26:946][941]LogUObjectHash: Compacting FUObjectHashTables data took   1.65ms
[2025.11.14-19.01.26:954][941]LogSavePackage: Moving '../../../../../../Git/Saf/GameUniHack/PixelPerfect/Saved/Main9E8954294A95B97465DDB1B6E33A33A9.tmp' to '../../../../../../Git/Saf/GameUniHack/PixelPerfect/Content/Levels/Main.umap'
[2025.11.14-19.01.26:995][941]AssetCheck: New page: Asset Save: Main
[2025.11.14-19.01.26:995][941]LogContentValidation: Display: Validating World /Game/Levels/Main.Main
[2025.11.14-19.02.17:593][787]LogAssetEditorSubsystem: Opening Asset editor for WidgetBlueprint /Game/UI/MainMenu.MainMenu
[2025.11.14-19.02.22:940][ 57]Cmd: OBJ SAVEPACKAGE PACKAGE="/Game/UI/MainMenu" FILE="../../../../../../Git/Saf/GameUniHack/PixelPerfect/Content/UI/MainMenu.uasset" SILENT=true
[2025.11.14-19.02.22:949][ 57]LogSavePackage: Moving '../../../../../../Git/Saf/GameUniHack/PixelPerfect/Saved/MainMenu050E4FA44AA44AAD695BB586FA436C19.tmp' to '../../../../../../Git/Saf/GameUniHack/PixelPerfect/Content/UI/MainMenu.uasset'
[2025.11.14-19.02.22:966][ 57]AssetCheck: New page: Asset Save: MainMenu
[2025.11.14-19.02.22:966][ 57]LogContentValidation: Display: Validating WidgetBlueprint /Game/UI/MainMenu.MainMenu
[2025.11.14-19.02.44:444][330]BlueprintLog: New page: Compile MainMenu
[2025.11.14-19.02.44:514][330]LogUObjectHash: Compacting FUObjectHashTables data took   2.76ms
[2025.11.14-19.02.44:835][343]Cmd: OBJ SAVEPACKAGE PACKAGE="/Game/UI/MainMenu" FILE="../../../../../../Git/Saf/GameUniHack/PixelPerfect/Content/UI/MainMenu.uasset" SILENT=true
[2025.11.14-19.02.44:843][343]LogSavePackage: Moving '../../../../../../Git/Saf/GameUniHack/PixelPerfect/Saved/MainMenu9C271D5449F6017118DD329019758980.tmp' to '../../../../../../Git/Saf/GameUniHack/PixelPerfect/Content/UI/MainMenu.uasset'
[2025.11.14-19.02.44:863][343]AssetCheck: New page: Asset Save: MainMenu
[2025.11.14-19.02.44:863][343]LogContentValidation: Display: Validating WidgetBlueprint /Game/UI/MainMenu.MainMenu
[2025.11.14-19.03.18:209][724]LogSlate: Took 0.015265 seconds to synchronously load lazily loaded font '../../../Engine/Content/Slate/Fonts/DroidSansFallback.ttf' (3848K)
[2025.11.14-19.03.19:235][783]BlueprintLog: New page: Compile MainMenu
[2025.11.14-19.03.19:276][783]LogUObjectHash: Compacting FUObjectHashTables data took   2.87ms
[2025.11.14-19.03.19:570][795]Cmd: OBJ SAVEPACKAGE PACKAGE="/Game/UI/MainMenu" FILE="../../../../../../Git/Saf/GameUniHack/PixelPerfect/Content/UI/MainMenu.uasset" SILENT=true
[2025.11.14-19.03.19:576][795]LogSavePackage: Moving '../../../../../../Git/Saf/GameUniHack/PixelPerfect/Saved/MainMenu4BED45D34BE859E5247A5796FD99929D.tmp' to '../../../../../../Git/Saf/GameUniHack/PixelPerfect/Content/UI/MainMenu.uasset'
[2025.11.14-19.03.19:607][795]AssetCheck: New page: Asset Save: MainMenu
[2025.11.14-19.03.19:607][795]LogContentValidation: Display: Validating WidgetBlueprint /Game/UI/MainMenu.MainMenu
[2025.11.14-19.03.20:967][867]LogEditorViewport: Clicking on Actor (LMB): BP_Sky_Sphere_C (BP_Sky_Sphere)
[2025.11.14-19.03.21:554][902]LogTemp: Repeating last play command: Selected Viewport
[2025.11.14-19.03.21:565][902]LogPlayLevel: PlayLevel: No blueprints needed recompiling
[2025.11.14-19.03.21:567][902]PIE: New page: PIE session: Main (Nov 14, 2025, 11:03:21 PM)
[2025.11.14-19.03.21:569][902]LogOnline: OSS: Creating online subsystem instance for: NULL
[2025.11.14-19.03.21:571][902]LogOnline: OSS: TryLoadSubsystemAndSetDefault: Loaded subsystem for module [NULL]
[2025.11.14-19.03.21:571][902]LogPlayLevel: Creating play world package: /Game/Levels/UEDPIE_0_Main
[2025.11.14-19.03.21:572][902]LogPlayLevel: PIE: StaticDuplicateObject took: (0.001234s)
[2025.11.14-19.03.21:573][902]LogAIModule: Creating AISystem for world Main
[2025.11.14-19.03.21:573][902]LogAISub: UAISubsystem::UAISubsystem EnvQueryManager (0000024468B15A00), frame # 6902
[2025.11.14-19.03.21:573][902]LogAISub: UAISubsystem::UAISubsystem AIPerceptionSystem (00000244BDFE1580), frame # 6902
[2025.11.14-19.03.21:573][902]LogPlayLevel: PIE: World Init took: (0.000957s)
[2025.11.14-19.03.21:573][902]LogPlayLevel: PIE: Created PIE world by copying editor world from /Game/Levels/Main.Main to /Game/Levels/UEDPIE_0_Main.Main (0.002311s)
[2025.11.14-19.03.21:606][902]LogUObjectHash: Compacting FUObjectHashTables data took   2.20ms
[2025.11.14-19.03.21:607][902]LogAudioMixer: Display: Audio Mixer Platform Settings:
[2025.11.14-19.03.21:607][902]LogAudioMixer: Display: 	Sample Rate:						  48000
[2025.11.14-19.03.21:607][902]LogAudioMixer: Display: 	Callback Buffer Frame Size Requested: 1024
[2025.11.14-19.03.21:607][902]LogAudioMixer: Display: 	Callback Buffer Frame Size To Use:	  1024
[2025.11.14-19.03.21:607][902]LogAudioMixer: Display: 	Number of buffers to queue:			  2
[2025.11.14-19.03.21:607][902]LogAudioMixer: Display: 	Max Channels (voices):				  32
[2025.11.14-19.03.21:607][902]LogAudioMixer: Display: 	Number of Async Source Workers:		  0
[2025.11.14-19.03.21:607][902]LogAudio: Display: AudioDevice MaxSources: 32
[2025.11.14-19.03.21:607][902]LogAudio: Display: Using built-in audio occlusion.
[2025.11.14-19.03.21:607][902]LogAudioMixer: Display: Initializing audio mixer.
[2025.11.14-19.03.21:612][902]LogAudioMixer: Display: 0: FrontLeft
[2025.11.14-19.03.21:612][902]LogAudioMixer: Display: 1: FrontRight
[2025.11.14-19.03.21:625][902]LogAudioMixer: Display: Using Audio Device FxSound Speakers (FxSound Audio Enhancer)
[2025.11.14-19.03.21:625][902]LogAudioMixer: Display: Initializing Sound Submixes...
[2025.11.14-19.03.21:625][902]LogAudioMixer: Display: Creating Master Submix 'MasterSubmixDefault'
[2025.11.14-19.03.21:625][902]LogAudioMixer: Display: Creating Master Submix 'MasterReverbSubmixDefault'
[2025.11.14-19.03.21:626][902]LogAudioMixer: Display: Creating Master Submix 'MasterEQSubmixDefault'
[2025.11.14-19.03.21:640][902]LogInit: FAudioDevice initialized.
[2025.11.14-19.03.21:647][902]LogLoad: Game class is 'PlayerGameModeBase_C'
[2025.11.14-19.03.21:649][902]LogWorld: Bringing World /Game/Levels/UEDPIE_0_Main.Main up for play (max tick rate 60) at 2025.11.14-21.03.21
[2025.11.14-19.03.21:649][902]LogWorld: Bringing up level for play took: 0.000501
[2025.11.14-19.03.21:649][902]LogOnline: OSS: Creating online subsystem instance for: :Context_7
[2025.11.14-19.03.21:653][902]LogContentBrowser: Native class hierarchy updated for 'MovieSceneCapture' in 0.0003 seconds. Added 20 classes and 0 folders.
[2025.11.14-19.03.21:654][902]PIE: Server logged in
[2025.11.14-19.03.21:654][902]PIE: Play in editor total start time 0.09 seconds.
[2025.11.14-19.03.24:101][ 32]LogSlate: Updating window title bar state: overlay mode, drag disabled, window buttons hidden, title bar hidden
[2025.11.14-19.03.24:101][ 32]LogWorld: BeginTearingDown for /Game/Levels/UEDPIE_0_Main
[2025.11.14-19.03.24:101][ 32]LogWorld: UWorld::CleanupWorld for Main, bSessionEnded=true, bCleanupResources=true
[2025.11.14-19.03.24:102][ 32]LogSlate: InvalidateAllWidgets triggered.  All widgets were invalidated
[2025.11.14-19.03.24:119][ 32]LogPlayLevel: Display: Shutting down PIE online subsystems
[2025.11.14-19.03.24:122][ 32]LogSlate: InvalidateAllWidgets triggered.  All widgets were invalidated
[2025.11.14-19.03.24:204][ 32]LogSlate: Updating window title bar state: overlay mode, drag disabled, window buttons hidden, title bar hidden
[2025.11.14-19.03.24:224][ 32]LogAISub: UAISubsystem::~UAISubsystem AIPerceptionSystem (00000244BDFE1580), frame # 7032
[2025.11.14-19.03.24:224][ 32]LogAISub: UAISubsystem::~UAISubsystem EnvQueryManager (0000024468B15A00), frame # 7032
[2025.11.14-19.03.24:237][ 32]LogUObjectHash: Compacting FUObjectHashTables data took   3.53ms
[2025.11.14-19.03.24:267][ 33]LogPlayLevel: Display: Destroying online subsystem :Context_7
[2025.11.14-19.03.42:478][111]BlueprintLog: New page: Compile MainMenu
[2025.11.14-19.03.42:534][111]LogUObjectHash: Compacting FUObjectHashTables data took   3.03ms
[2025.11.14-19.03.42:853][125]Cmd: OBJ SAVEPACKAGE PACKAGE="/Game/UI/MainMenu" FILE="../../../../../../Git/Saf/GameUniHack/PixelPerfect/Content/UI/MainMenu.uasset" SILENT=true
[2025.11.14-19.03.42:859][125]LogSavePackage: Moving '../../../../../../Git/Saf/GameUniHack/PixelPerfect/Saved/MainMenuE0A2AE674B80935254765FA70D387AD5.tmp' to '../../../../../../Git/Saf/GameUniHack/PixelPerfect/Content/UI/MainMenu.uasset'
[2025.11.14-19.03.42:873][125]AssetCheck: New page: Asset Save: MainMenu
[2025.11.14-19.03.42:873][125]LogContentValidation: Display: Validating WidgetBlueprint /Game/UI/MainMenu.MainMenu
[2025.11.14-19.03.55:533][868]BlueprintLog: New page: Compile MainMenu
[2025.11.14-19.03.55:573][868]LogUObjectHash: Compacting FUObjectHashTables data took   2.27ms
[2025.11.14-19.03.55:840][880]Cmd: OBJ SAVEPACKAGE PACKAGE="/Game/UI/MainMenu" FILE="../../../../../../Git/Saf/GameUniHack/PixelPerfect/Content/UI/MainMenu.uasset" SILENT=true
[2025.11.14-19.03.55:847][880]LogSavePackage: Moving '../../../../../../Git/Saf/GameUniHack/PixelPerfect/Saved/MainMenu0542CC9C4CA2A076289DEEB945697E42.tmp' to '../../../../../../Git/Saf/GameUniHack/PixelPerfect/Content/UI/MainMenu.uasset'
[2025.11.14-19.03.55:885][880]AssetCheck: New page: Asset Save: MainMenu
[2025.11.14-19.03.55:885][880]LogContentValidation: Display: Validating WidgetBlueprint /Game/UI/MainMenu.MainMenu
[2025.11.14-19.04.40:149][363]BlueprintLog: New page: Compile MainMenu
[2025.11.14-19.04.40:196][363]LogUObjectHash: Compacting FUObjectHashTables data took   2.96ms
[2025.11.14-19.04.40:853][398]Cmd: OBJ SAVEPACKAGE PACKAGE="/Game/UI/MainMenu" FILE="../../../../../../Git/Saf/GameUniHack/PixelPerfect/Content/UI/MainMenu.uasset" SILENT=true
[2025.11.14-19.04.40:859][398]LogSavePackage: Moving '../../../../../../Git/Saf/GameUniHack/PixelPerfect/Saved/MainMenu2418C767412D01F3F9C37D8D62F371ED.tmp' to '../../../../../../Git/Saf/GameUniHack/PixelPerfect/Content/UI/MainMenu.uasset'
[2025.11.14-19.04.40:879][398]AssetCheck: New page: Asset Save: MainMenu
[2025.11.14-19.04.40:879][398]LogContentValidation: Display: Validating WidgetBlueprint /Game/UI/MainMenu.MainMenu
[2025.11.14-19.04.46:733][745]BlueprintLog: New page: Compile MainMenu
[2025.11.14-19.04.46:775][745]LogUObjectHash: Compacting FUObjectHashTables data took   2.23ms
[2025.11.14-19.04.47:063][757]Cmd: OBJ SAVEPACKAGE PACKAGE="/Game/UI/MainMenu" FILE="../../../../../../Git/Saf/GameUniHack/PixelPerfect/Content/UI/MainMenu.uasset" SILENT=true
[2025.11.14-19.04.47:072][757]LogSavePackage: Moving '../../../../../../Git/Saf/GameUniHack/PixelPerfect/Saved/MainMenu275B9AA54F7FF9F54901F39B26A792D3.tmp' to '../../../../../../Git/Saf/GameUniHack/PixelPerfect/Content/UI/MainMenu.uasset'
[2025.11.14-19.04.47:098][757]AssetCheck: New page: Asset Save: MainMenu
[2025.11.14-19.04.47:098][757]LogContentValidation: Display: Validating WidgetBlueprint /Game/UI/MainMenu.MainMenu
[2025.11.14-19.04.51:531][ 14]BlueprintLog: New page: Compile MainMenu
[2025.11.14-19.04.51:567][ 14]LogUObjectHash: Compacting FUObjectHashTables data took   2.43ms
[2025.11.14-19.04.51:938][ 30]Cmd: OBJ SAVEPACKAGE PACKAGE="/Game/UI/MainMenu" FILE="../../../../../../Git/Saf/GameUniHack/PixelPerfect/Content/UI/MainMenu.uasset" SILENT=true
[2025.11.14-19.04.51:946][ 30]LogSavePackage: Moving '../../../../../../Git/Saf/GameUniHack/PixelPerfect/Saved/MainMenuFFA284D44A59FF01A0D65A92A5390594.tmp' to '../../../../../../Git/Saf/GameUniHack/PixelPerfect/Content/UI/MainMenu.uasset'
[2025.11.14-19.04.51:965][ 30]AssetCheck: New page: Asset Save: MainMenu
[2025.11.14-19.04.51:965][ 30]LogContentValidation: Display: Validating WidgetBlueprint /Game/UI/MainMenu.MainMenu
[2025.11.14-19.05.01:402][580]LogEditorTransaction: Undo Move Widget
[2025.11.14-19.05.17:555][475]BlueprintLog: New page: Compile MainMenu
[2025.11.14-19.05.17:595][475]LogUObjectHash: Compacting FUObjectHashTables data took   2.40ms
[2025.11.14-19.05.17:957][489]Cmd: OBJ SAVEPACKAGE PACKAGE="/Game/UI/MainMenu" FILE="../../../../../../Git/Saf/GameUniHack/PixelPerfect/Content/UI/MainMenu.uasset" SILENT=true
[2025.11.14-19.05.17:967][489]LogSavePackage: Moving '../../../../../../Git/Saf/GameUniHack/PixelPerfect/Saved/MainMenuC61E9F954D047C7A5482E7A1AE5DA9CD.tmp' to '../../../../../../Git/Saf/GameUniHack/PixelPerfect/Content/UI/MainMenu.uasset'
[2025.11.14-19.05.17:998][489]AssetCheck: New page: Asset Save: MainMenu
[2025.11.14-19.05.17:998][489]LogContentValidation: Display: Validating WidgetBlueprint /Game/UI/MainMenu.MainMenu
[2025.11.14-19.05.22:687][767]BlueprintLog: New page: Compile MainMenu
[2025.11.14-19.05.22:725][767]LogUObjectHash: Compacting FUObjectHashTables data took   2.25ms
[2025.11.14-19.05.23:137][786]Cmd: OBJ SAVEPACKAGE PACKAGE="/Game/UI/MainMenu" FILE="../../../../../../Git/Saf/GameUniHack/PixelPerfect/Content/UI/MainMenu.uasset" SILENT=true
[2025.11.14-19.05.23:147][786]LogSavePackage: Moving '../../../../../../Git/Saf/GameUniHack/PixelPerfect/Saved/MainMenu833FCEF24E35D2F3F63C4CA29CD2E60F.tmp' to '../../../../../../Git/Saf/GameUniHack/PixelPerfect/Content/UI/MainMenu.uasset'
[2025.11.14-19.05.23:185][786]AssetCheck: New page: Asset Save: MainMenu
[2025.11.14-19.05.23:185][786]LogContentValidation: Display: Validating WidgetBlueprint /Game/UI/MainMenu.MainMenu
[2025.11.14-19.05.28:255][ 85]BlueprintLog: New page: Compile MainMenu
[2025.11.14-19.05.28:293][ 85]LogUObjectHash: Compacting FUObjectHashTables data took   2.26ms
[2025.11.14-19.05.28:643][100]Cmd: OBJ SAVEPACKAGE PACKAGE="/Game/UI/MainMenu" FILE="../../../../../../Git/Saf/GameUniHack/PixelPerfect/Content/UI/MainMenu.uasset" SILENT=true
[2025.11.14-19.05.28:651][100]LogSavePackage: Moving '../../../../../../Git/Saf/GameUniHack/PixelPerfect/Saved/MainMenu866A473B4C0BB2D643AE4ABAF5C94B9D.tmp' to '../../../../../../Git/Saf/GameUniHack/PixelPerfect/Content/UI/MainMenu.uasset'
[2025.11.14-19.05.28:665][100]AssetCheck: New page: Asset Save: MainMenu
[2025.11.14-19.05.28:665][100]LogContentValidation: Display: Validating WidgetBlueprint /Game/UI/MainMenu.MainMenu
[2025.11.14-19.05.32:902][335]BlueprintLog: New page: Compile MainMenu
[2025.11.14-19.05.32:937][335]LogUObjectHash: Compacting FUObjectHashTables data took   2.43ms
[2025.11.14-19.05.33:244][349]Cmd: OBJ SAVEPACKAGE PACKAGE="/Game/UI/MainMenu" FILE="../../../../../../Git/Saf/GameUniHack/PixelPerfect/Content/UI/MainMenu.uasset" SILENT=true
[2025.11.14-19.05.33:250][349]LogSavePackage: Moving '../../../../../../Git/Saf/GameUniHack/PixelPerfect/Saved/MainMenuBC3540F84A5FBAF7F0C84998C6A20F44.tmp' to '../../../../../../Git/Saf/GameUniHack/PixelPerfect/Content/UI/MainMenu.uasset'
[2025.11.14-19.05.33:263][349]AssetCheck: New page: Asset Save: MainMenu
[2025.11.14-19.05.33:263][349]LogContentValidation: Display: Validating WidgetBlueprint /Game/UI/MainMenu.MainMenu
[2025.11.14-19.05.40:733][795]LogEditorTransaction: Undo Edit Bottom
[2025.11.14-19.05.41:027][802]Cmd: TRANSACTION UNDO
[2025.11.14-19.05.41:027][802]LogEditorTransaction: Undo Edit Right
[2025.11.14-19.05.53:231][518]BlueprintLog: New page: Compile MainMenu
[2025.11.14-19.05.53:267][518]LogUObjectHash: Compacting FUObjectHashTables data took   2.69ms
[2025.11.14-19.05.54:174][563]Cmd: OBJ SAVEPACKAGE PACKAGE="/Game/UI/MainMenu" FILE="../../../../../../Git/Saf/GameUniHack/PixelPerfect/Content/UI/MainMenu.uasset" SILENT=true
[2025.11.14-19.05.54:187][563]LogSavePackage: Moving '../../../../../../Git/Saf/GameUniHack/PixelPerfect/Saved/MainMenu445BD5224594E641E94C19839B09FCBA.tmp' to '../../../../../../Git/Saf/GameUniHack/PixelPerfect/Content/UI/MainMenu.uasset'
[2025.11.14-19.05.54:208][563]AssetCheck: New page: Asset Save: MainMenu
[2025.11.14-19.05.54:208][563]LogContentValidation: Display: Validating WidgetBlueprint /Game/UI/MainMenu.MainMenu
[2025.11.14-19.05.55:858][660]Cmd: OBJ SAVEPACKAGE PACKAGE="/Game/UI/MainMenu" FILE="../../../../../../Git/Saf/GameUniHack/PixelPerfect/Content/UI/MainMenu.uasset" SILENT=true
[2025.11.14-19.05.55:865][660]LogSavePackage: Moving '../../../../../../Git/Saf/GameUniHack/PixelPerfect/Saved/MainMenu30F42C254FB9B82C61F1709F6D098CC9.tmp' to '../../../../../../Git/Saf/GameUniHack/PixelPerfect/Content/UI/MainMenu.uasset'
[2025.11.14-19.05.55:885][660]AssetCheck: New page: Asset Save: MainMenu
[2025.11.14-19.05.55:885][660]LogContentValidation: Display: Validating WidgetBlueprint /Game/UI/MainMenu.MainMenu
[2025.11.14-19.05.59:393][856]BlueprintLog: New page: Compile MainMenu
[2025.11.14-19.05.59:432][856]LogUObjectHash: Compacting FUObjectHashTables data took   2.29ms
[2025.11.14-19.05.59:758][870]Cmd: OBJ SAVEPACKAGE PACKAGE="/Game/UI/MainMenu" FILE="../../../../../../Git/Saf/GameUniHack/PixelPerfect/Content/UI/MainMenu.uasset" SILENT=true
[2025.11.14-19.05.59:767][870]LogSavePackage: Moving '../../../../../../Git/Saf/GameUniHack/PixelPerfect/Saved/MainMenu68B86E004F5B5353483E5780125EE9D0.tmp' to '../../../../../../Git/Saf/GameUniHack/PixelPerfect/Content/UI/MainMenu.uasset'
[2025.11.14-19.05.59:788][870]AssetCheck: New page: Asset Save: MainMenu
[2025.11.14-19.05.59:788][870]LogContentValidation: Display: Validating WidgetBlueprint /Game/UI/MainMenu.MainMenu
[2025.11.14-19.06.38:633][ 96]LogEditorViewport: Clicking on Actor (LMB): BP_Sky_Sphere_C (BP_Sky_Sphere)
[2025.11.14-19.06.45:663][517]LogEditorViewport: Clicking on Actor (LMB): BP_Sky_Sphere_C (BP_Sky_Sphere)
[2025.11.14-19.06.46:250][552]LogEditorViewport: Clicking on Actor (LMB): StaticMeshActor (Cube)
[2025.11.14-19.06.46:531][568]LogEditorViewport: Clicking on Actor (LMB): BP_Sky_Sphere_C (BP_Sky_Sphere)
[2025.11.14-19.06.51:274][849]Cmd: OBJ SAVEPACKAGE PACKAGE="/Game/Levels/Main" FILE="../../../../../../Git/Saf/GameUniHack/PixelPerfect/Content/Levels/Main.umap" SILENT=true AUTOSAVING=false KEEPDIRTY=false
[2025.11.14-19.06.51:317][849]LogUObjectHash: Compacting FUObjectHashTables data took   2.34ms
[2025.11.14-19.06.51:326][849]LogSavePackage: Moving '../../../../../../Git/Saf/GameUniHack/PixelPerfect/Saved/Main073F98BC4D0F23938281548A9B76AD36.tmp' to '../../../../../../Git/Saf/GameUniHack/PixelPerfect/Content/Levels/Main.umap'
[2025.11.14-19.06.51:362][849]AssetCheck: New page: Asset Save: Main
[2025.11.14-19.06.51:362][849]LogContentValidation: Display: Validating World /Game/Levels/Main.Main
[2025.11.14-19.06.51:535][860]LogEditorViewport: Clicking on Actor (LMB): BP_Sky_Sphere_C (BP_Sky_Sphere)
[2025.11.14-19.07.25:973][900]BlueprintLog: New page: Compile MainMenu
[2025.11.14-19.07.26:014][900]LogUObjectHash: Compacting FUObjectHashTables data took   2.21ms
[2025.11.14-19.07.26:365][915]Cmd: OBJ SAVEPACKAGE PACKAGE="/Game/UI/MainMenu" FILE="../../../../../../Git/Saf/GameUniHack/PixelPerfect/Content/UI/MainMenu.uasset" SILENT=true
[2025.11.14-19.07.26:373][915]LogSavePackage: Moving '../../../../../../Git/Saf/GameUniHack/PixelPerfect/Saved/MainMenu0BCEBE07425FE624DCA85783A0A189B0.tmp' to '../../../../../../Git/Saf/GameUniHack/PixelPerfect/Content/UI/MainMenu.uasset'
[2025.11.14-19.07.26:398][915]AssetCheck: New page: Asset Save: MainMenu
[2025.11.14-19.07.26:398][915]LogContentValidation: Display: Validating WidgetBlueprint /Game/UI/MainMenu.MainMenu
[2025.11.14-19.07.34:087][366]BlueprintLog: New page: Compile MainMenu
[2025.11.14-19.07.34:129][366]LogUObjectHash: Compacting FUObjectHashTables data took   2.25ms
[2025.11.14-19.07.34:503][383]Cmd: OBJ SAVEPACKAGE PACKAGE="/Game/UI/MainMenu" FILE="../../../../../../Git/Saf/GameUniHack/PixelPerfect/Content/UI/MainMenu.uasset" SILENT=true
[2025.11.14-19.07.34:511][383]LogSavePackage: Moving '../../../../../../Git/Saf/GameUniHack/PixelPerfect/Saved/MainMenu80934FC3474EA11F200753A06DE56256.tmp' to '../../../../../../Git/Saf/GameUniHack/PixelPerfect/Content/UI/MainMenu.uasset'
[2025.11.14-19.07.34:535][383]AssetCheck: New page: Asset Save: MainMenu
[2025.11.14-19.07.34:535][383]LogContentValidation: Display: Validating WidgetBlueprint /Game/UI/MainMenu.MainMenu
[2025.11.14-19.08.00:794][945]LogEditorViewport: Clicking on Actor (LMB): BP_Sky_Sphere_C (BP_Sky_Sphere)
[2025.11.14-19.08.03:132][ 85]LogEditorViewport: Clicking on Actor (LMB): StaticMeshActor (Cube)
[2025.11.14-19.08.03:611][113]LogEditorViewport: Clicking on Actor (LMB): BP_Sky_Sphere_C (BP_Sky_Sphere)
[2025.11.14-19.08.16:431][839]BlueprintLog: New page: Compile BP_Player
[2025.11.14-19.08.16:497][839]LogUObjectHash: Compacting FUObjectHashTables data took   2.80ms
[2025.11.14-19.08.16:546][839]LogSlate: Took 0.002529 seconds to synchronously load lazily loaded font '../../../Engine/Content/Slate/Fonts/DroidSansMono.ttf' (77K)
[2025.11.14-19.11.20:131][760]BlueprintLog: New page: Compile BP_Player
[2025.11.14-19.11.20:199][760]LogUObjectHash: Compacting FUObjectHashTables data took   2.88ms
[2025.11.14-19.11.20:499][773]Cmd: OBJ SAVEPACKAGE PACKAGE="/Game/Player/BP_Player" FILE="../../../../../../Git/Saf/GameUniHack/PixelPerfect/Content/Player/BP_Player.uasset" SILENT=true
[2025.11.14-19.11.20:523][773]LogSavePackage: Moving '../../../../../../Git/Saf/GameUniHack/PixelPerfect/Saved/BP_Player67BBDCDB4747FA4D98AB51BA40906F88.tmp' to '../../../../../../Git/Saf/GameUniHack/PixelPerfect/Content/Player/BP_Player.uasset'
[2025.11.14-19.11.20:547][773]AssetCheck: New page: Asset Save: BP_Player
[2025.11.14-19.11.20:547][773]LogContentValidation: Display: Validating Blueprint /Game/Player/BP_Player.BP_Player
[2025.11.14-19.11.53:388][619]BlueprintLog: New page: Compile BP_Player
[2025.11.14-19.11.53:452][619]LogUObjectHash: Compacting FUObjectHashTables data took   3.20ms
[2025.11.14-19.11.53:741][632]Cmd: OBJ SAVEPACKAGE PACKAGE="/Game/Player/BP_Player" FILE="../../../../../../Git/Saf/GameUniHack/PixelPerfect/Content/Player/BP_Player.uasset" SILENT=true
[2025.11.14-19.11.53:760][632]LogSavePackage: Moving '../../../../../../Git/Saf/GameUniHack/PixelPerfect/Saved/BP_Player08DF28AA472811E8AEF8F5997FAB87E5.tmp' to '../../../../../../Git/Saf/GameUniHack/PixelPerfect/Content/Player/BP_Player.uasset'
[2025.11.14-19.11.53:785][632]AssetCheck: New page: Asset Save: BP_Player
[2025.11.14-19.11.53:785][632]LogContentValidation: Display: Validating Blueprint /Game/Player/BP_Player.BP_Player
[2025.11.14-19.12.20:466][162]BlueprintLog: New page: Compile BP_Player
[2025.11.14-19.12.20:556][162]LogUObjectHash: Compacting FUObjectHashTables data took   3.98ms
[2025.11.14-19.12.20:839][173]Cmd: OBJ SAVEPACKAGE PACKAGE="/Game/Player/BP_Player" FILE="../../../../../../Git/Saf/GameUniHack/PixelPerfect/Content/Player/BP_Player.uasset" SILENT=true
[2025.11.14-19.12.20:862][173]LogSavePackage: Moving '../../../../../../Git/Saf/GameUniHack/PixelPerfect/Saved/BP_PlayerF162B2BC4DE7EBB5F6AA24B3BE1596DC.tmp' to '../../../../../../Git/Saf/GameUniHack/PixelPerfect/Content/Player/BP_Player.uasset'
[2025.11.14-19.12.20:891][173]AssetCheck: New page: Asset Save: BP_Player
[2025.11.14-19.12.20:891][173]LogContentValidation: Display: Validating Blueprint /Game/Player/BP_Player.BP_Player
[2025.11.14-19.12.25:635][427]LogBlueprint: Warning: [Compiler ] Pasted node  CustomEvent   conflicted with  CursorInteract  and was replaced as a Custom Event!
[2025.11.14-19.12.27:381][506]BlueprintLog: New page: Compile BP_Player
[2025.11.14-19.12.27:451][506]LogUObjectHash: Compacting FUObjectHashTables data took   2.54ms
[2025.11.14-19.12.42:660][296]BlueprintLog: New page: Compile BP_Player
[2025.11.14-19.12.42:733][296]LogUObjectHash: Compacting FUObjectHashTables data took   2.56ms
[2025.11.14-19.12.43:003][307]Cmd: OBJ SAVEPACKAGE PACKAGE="/Game/Player/BP_Player" FILE="../../../../../../Git/Saf/GameUniHack/PixelPerfect/Content/Player/BP_Player.uasset" SILENT=true
[2025.11.14-19.12.43:020][307]LogSavePackage: Moving '../../../../../../Git/Saf/GameUniHack/PixelPerfect/Saved/BP_Player47CC60864E2F38317283639B58CA2404.tmp' to '../../../../../../Git/Saf/GameUniHack/PixelPerfect/Content/Player/BP_Player.uasset'
[2025.11.14-19.12.43:039][307]AssetCheck: New page: Asset Save: BP_Player
[2025.11.14-19.12.43:039][307]LogContentValidation: Display: Validating Blueprint /Game/Player/BP_Player.BP_Player
[2025.11.14-19.13.08:887][791]BlueprintLog: New page: Compile BP_Player
[2025.11.14-19.13.08:946][791]LogUObjectHash: Compacting FUObjectHashTables data took   2.59ms
[2025.11.14-19.13.09:263][805]Cmd: OBJ SAVEPACKAGE PACKAGE="/Game/Player/BP_Player" FILE="../../../../../../Git/Saf/GameUniHack/PixelPerfect/Content/Player/BP_Player.uasset" SILENT=true
[2025.11.14-19.13.09:281][805]LogSavePackage: Moving '../../../../../../Git/Saf/GameUniHack/PixelPerfect/Saved/BP_Player38B3C0AB45C6ABA89459CD9E5EB4DF78.tmp' to '../../../../../../Git/Saf/GameUniHack/PixelPerfect/Content/Player/BP_Player.uasset'
[2025.11.14-19.13.09:316][805]AssetCheck: New page: Asset Save: BP_Player
[2025.11.14-19.13.09:316][805]LogContentValidation: Display: Validating Blueprint /Game/Player/BP_Player.BP_Player
[2025.11.14-19.13.19:501][383]BlueprintLog: New page: Compile BP_Player
[2025.11.14-19.13.19:560][383]LogUObjectHash: Compacting FUObjectHashTables data took   2.69ms
[2025.11.14-19.13.19:876][396]Cmd: OBJ SAVEPACKAGE PACKAGE="/Game/Player/BP_Player" FILE="../../../../../../Git/Saf/GameUniHack/PixelPerfect/Content/Player/BP_Player.uasset" SILENT=true
[2025.11.14-19.13.19:895][396]LogSavePackage: Moving '../../../../../../Git/Saf/GameUniHack/PixelPerfect/Saved/BP_Player117322194CDB3D91ED8680888018604B.tmp' to '../../../../../../Git/Saf/GameUniHack/PixelPerfect/Content/Player/BP_Player.uasset'
[2025.11.14-19.13.19:920][396]AssetCheck: New page: Asset Save: BP_Player
[2025.11.14-19.13.19:920][396]LogContentValidation: Display: Validating Blueprint /Game/Player/BP_Player.BP_Player
[2025.11.14-19.13.24:785][671]BlueprintLog: New page: Compile BP_Player
[2025.11.14-19.13.24:851][671]LogUObjectHash: Compacting FUObjectHashTables data took   2.43ms
[2025.11.14-19.13.25:127][683]Cmd: OBJ SAVEPACKAGE PACKAGE="/Game/Player/BP_Player" FILE="../../../../../../Git/Saf/GameUniHack/PixelPerfect/Content/Player/BP_Player.uasset" SILENT=true
[2025.11.14-19.13.25:148][683]LogSavePackage: Moving '../../../../../../Git/Saf/GameUniHack/PixelPerfect/Saved/BP_Player20214B874A172468CA3B718FF3B8032E.tmp' to '../../../../../../Git/Saf/GameUniHack/PixelPerfect/Content/Player/BP_Player.uasset'
[2025.11.14-19.13.25:171][683]AssetCheck: New page: Asset Save: BP_Player
[2025.11.14-19.13.25:172][683]LogContentValidation: Display: Validating Blueprint /Game/Player/BP_Player.BP_Player
[2025.11.14-19.13.50:430][ 64]BlueprintLog: New page: Compile BP_Player
[2025.11.14-19.13.50:501][ 64]LogUObjectHash: Compacting FUObjectHashTables data took   3.01ms
[2025.11.14-19.13.50:854][ 81]Cmd: OBJ SAVEPACKAGE PACKAGE="/Game/Player/BP_Player" FILE="../../../../../../Git/Saf/GameUniHack/PixelPerfect/Content/Player/BP_Player.uasset" SILENT=true
[2025.11.14-19.13.50:872][ 81]LogSavePackage: Moving '../../../../../../Git/Saf/GameUniHack/PixelPerfect/Saved/BP_PlayerBE77D1654DCC05013D0E78AB98EC1574.tmp' to '../../../../../../Git/Saf/GameUniHack/PixelPerfect/Content/Player/BP_Player.uasset'
[2025.11.14-19.13.50:897][ 81]AssetCheck: New page: Asset Save: BP_Player
[2025.11.14-19.13.50:897][ 81]LogContentValidation: Display: Validating Blueprint /Game/Player/BP_Player.BP_Player
[2025.11.14-19.14.21:637][797]BlueprintLog: New page: Compile BP_Player
[2025.11.14-19.14.21:713][797]LogUObjectHash: Compacting FUObjectHashTables data took   3.06ms
[2025.11.14-19.14.21:997][809]Cmd: OBJ SAVEPACKAGE PACKAGE="/Game/Player/BP_Player" FILE="../../../../../../Git/Saf/GameUniHack/PixelPerfect/Content/Player/BP_Player.uasset" SILENT=true
[2025.11.14-19.14.22:019][809]LogSavePackage: Moving '../../../../../../Git/Saf/GameUniHack/PixelPerfect/Saved/BP_Player71EB336A4E3FCA1683C583997F6FFABF.tmp' to '../../../../../../Git/Saf/GameUniHack/PixelPerfect/Content/Player/BP_Player.uasset'
[2025.11.14-19.14.22:077][809]AssetCheck: New page: Asset Save: BP_Player
[2025.11.14-19.14.22:078][809]LogContentValidation: Display: Validating Blueprint /Game/Player/BP_Player.BP_Player
[2025.11.14-19.14.22:586][837]Cmd: OBJ SAVEPACKAGE PACKAGE="/Game/Player/BP_Player" FILE="../../../../../../Git/Saf/GameUniHack/PixelPerfect/Content/Player/BP_Player.uasset" SILENT=true
[2025.11.14-19.14.22:606][837]LogSavePackage: Moving '../../../../../../Git/Saf/GameUniHack/PixelPerfect/Saved/BP_PlayerC9F7145D499686A89B0693A0A4D7CFB4.tmp' to '../../../../../../Git/Saf/GameUniHack/PixelPerfect/Content/Player/BP_Player.uasset'
[2025.11.14-19.14.22:623][837]AssetCheck: New page: Asset Save: BP_Player
[2025.11.14-19.14.22:623][837]LogContentValidation: Display: Validating Blueprint /Game/Player/BP_Player.BP_Player
[2025.11.14-19.14.39:080][765]BlueprintLog: New page: Compile BP_Player
[2025.11.14-19.14.39:146][765]LogUObjectHash: Compacting FUObjectHashTables data took   3.05ms
[2025.11.14-19.14.39:325][770]Cmd: OBJ SAVEPACKAGE PACKAGE="/Game/Player/BP_Player" FILE="../../../../../../Git/Saf/GameUniHack/PixelPerfect/Content/Player/BP_Player.uasset" SILENT=true
[2025.11.14-19.14.39:343][770]LogSavePackage: Moving '../../../../../../Git/Saf/GameUniHack/PixelPerfect/Saved/BP_PlayerC780EFB84E1D9FD8FC9DBFB097FC14B4.tmp' to '../../../../../../Git/Saf/GameUniHack/PixelPerfect/Content/Player/BP_Player.uasset'
[2025.11.14-19.14.39:369][770]AssetCheck: New page: Asset Save: BP_Player
[2025.11.14-19.14.39:369][770]LogContentValidation: Display: Validating Blueprint /Game/Player/BP_Player.BP_Player
[2025.11.14-19.14.49:900][390]BlueprintLog: New page: Compile BP_Player
[2025.11.14-19.14.49:973][390]LogUObjectHash: Compacting FUObjectHashTables data took   2.78ms
[2025.11.14-19.14.50:125][393]Cmd: OBJ SAVEPACKAGE PACKAGE="/Game/Player/BP_Player" FILE="../../../../../../Git/Saf/GameUniHack/PixelPerfect/Content/Player/BP_Player.uasset" SILENT=true
[2025.11.14-19.14.50:144][393]LogSavePackage: Moving '../../../../../../Git/Saf/GameUniHack/PixelPerfect/Saved/BP_Player0B7B240C466BA125CA34D3BFEA628E51.tmp' to '../../../../../../Git/Saf/GameUniHack/PixelPerfect/Content/Player/BP_Player.uasset'
[2025.11.14-19.14.50:169][393]AssetCheck: New page: Asset Save: BP_Player
[2025.11.14-19.14.50:169][393]LogContentValidation: Display: Validating Blueprint /Game/Player/BP_Player.BP_Player
[2025.11.14-19.15.04:375][229]BlueprintLog: New page: Compile BP_Player
[2025.11.14-19.15.04:446][229]LogUObjectHash: Compacting FUObjectHashTables data took   2.86ms
[2025.11.14-19.15.04:672][238]Cmd: OBJ SAVEPACKAGE PACKAGE="/Game/Player/BP_Player" FILE="../../../../../../Git/Saf/GameUniHack/PixelPerfect/Content/Player/BP_Player.uasset" SILENT=true
[2025.11.14-19.15.04:693][238]LogSavePackage: Moving '../../../../../../Git/Saf/GameUniHack/PixelPerfect/Saved/BP_PlayerF07E0EF1495D70482765A8AD72B9CDD8.tmp' to '../../../../../../Git/Saf/GameUniHack/PixelPerfect/Content/Player/BP_Player.uasset'
[2025.11.14-19.15.04:720][238]AssetCheck: New page: Asset Save: BP_Player
[2025.11.14-19.15.04:720][238]LogContentValidation: Display: Validating Blueprint /Game/Player/BP_Player.BP_Player
[2025.11.14-19.15.38:584][143]BlueprintLog: New page: Compile BP_Player
[2025.11.14-19.15.38:657][143]LogUObjectHash: Compacting FUObjectHashTables data took   3.12ms
[2025.11.14-19.15.39:975][212]Cmd: OBJ SAVEPACKAGE PACKAGE="/Game/Player/BP_Player" FILE="../../../../../../Git/Saf/GameUniHack/PixelPerfect/Content/Player/BP_Player.uasset" SILENT=true
[2025.11.14-19.15.39:995][212]LogSavePackage: Moving '../../../../../../Git/Saf/GameUniHack/PixelPerfect/Saved/BP_PlayerB561C0E7456F6F506FC897A638F32E2D.tmp' to '../../../../../../Git/Saf/GameUniHack/PixelPerfect/Content/Player/BP_Player.uasset'
[2025.11.14-19.15.40:036][212]AssetCheck: New page: Asset Save: BP_Player
[2025.11.14-19.15.40:036][212]LogContentValidation: Display: Validating Blueprint /Game/Player/BP_Player.BP_Player
[2025.11.14-19.15.41:324][284]Cmd: OBJ SAVEPACKAGE PACKAGE="/Game/Player/BP_Player" FILE="../../../../../../Git/Saf/GameUniHack/PixelPerfect/Content/Player/BP_Player.uasset" SILENT=true
[2025.11.14-19.15.41:345][284]LogSavePackage: Moving '../../../../../../Git/Saf/GameUniHack/PixelPerfect/Saved/BP_PlayerB62652A84820BE66D138E38B2AB89800.tmp' to '../../../../../../Git/Saf/GameUniHack/PixelPerfect/Content/Player/BP_Player.uasset'
[2025.11.14-19.15.41:364][284]AssetCheck: New page: Asset Save: BP_Player
[2025.11.14-19.15.41:364][284]LogContentValidation: Display: Validating Blueprint /Game/Player/BP_Player.BP_Player
[2025.11.14-19.15.53:413][964]BlueprintLog: New page: Compile BP_Player
[2025.11.14-19.15.53:485][964]LogUObjectHash: Compacting FUObjectHashTables data took   2.80ms
[2025.11.14-19.15.53:660][970]Cmd: OBJ SAVEPACKAGE PACKAGE="/Game/Player/BP_Player" FILE="../../../../../../Git/Saf/GameUniHack/PixelPerfect/Content/Player/BP_Player.uasset" SILENT=true
[2025.11.14-19.15.53:685][970]LogSavePackage: Moving '../../../../../../Git/Saf/GameUniHack/PixelPerfect/Saved/BP_Player10D4D3F84F2A9BAC0DC6D88E79798348.tmp' to '../../../../../../Git/Saf/GameUniHack/PixelPerfect/Content/Player/BP_Player.uasset'
[2025.11.14-19.15.53:707][970]AssetCheck: New page: Asset Save: BP_Player
[2025.11.14-19.15.53:707][970]LogContentValidation: Display: Validating Blueprint /Game/Player/BP_Player.BP_Player
[2025.11.14-19.16.00:929][362]BlueprintLog: New page: Compile BP_Player
[2025.11.14-19.16.00:992][362]LogUObjectHash: Compacting FUObjectHashTables data took   3.64ms
[2025.11.14-19.16.01:269][373]Cmd: OBJ SAVEPACKAGE PACKAGE="/Game/Player/BP_Player" FILE="../../../../../../Git/Saf/GameUniHack/PixelPerfect/Content/Player/BP_Player.uasset" SILENT=true
[2025.11.14-19.16.01:290][373]LogSavePackage: Moving '../../../../../../Git/Saf/GameUniHack/PixelPerfect/Saved/BP_Player88CB1AF5497EFA829CDE36BC19A2696B.tmp' to '../../../../../../Git/Saf/GameUniHack/PixelPerfect/Content/Player/BP_Player.uasset'
[2025.11.14-19.16.01:317][373]AssetCheck: New page: Asset Save: BP_Player
[2025.11.14-19.16.01:317][373]LogContentValidation: Display: Validating Blueprint /Game/Player/BP_Player.BP_Player
[2025.11.14-19.16.16:373][183]LogUObjectHash: Compacting FUObjectHashTables data took   3.14ms
[2025.11.14-19.16.17:239][183]LogSlate: Window 'Delete Assets' being destroyed
[2025.11.14-19.16.17:386][183]LogUObjectHash: Compacting FUObjectHashTables data took   1.59ms
[2025.11.14-19.16.18:260][235]LogEditorViewport: Clicking on Actor (LMB): BP_Sky_Sphere_C (BP_Sky_Sphere)
[2025.11.14-19.16.18:384][240]Cmd: OBJ SAVEPACKAGE PACKAGE="/Game/Levels/Main" FILE="../../../../../../Git/Saf/GameUniHack/PixelPerfect/Content/Levels/Main.umap" SILENT=true AUTOSAVING=false KEEPDIRTY=false
[2025.11.14-19.16.18:425][240]LogUObjectHash: Compacting FUObjectHashTables data took   1.96ms
[2025.11.14-19.16.18:437][240]LogSavePackage: Moving '../../../../../../Git/Saf/GameUniHack/PixelPerfect/Saved/Main4FBEC17B47AA0A37EC4574A82471AFC3.tmp' to '../../../../../../Git/Saf/GameUniHack/PixelPerfect/Content/Levels/Main.umap'
[2025.11.14-19.16.18:481][240]AssetCheck: New page: Asset Save: Main
[2025.11.14-19.16.18:482][240]LogContentValidation: Display: Validating World /Game/Levels/Main.Main
[2025.11.14-19.16.24:404][581]LogEditorViewport: Clicking on Actor (LMB): BP_Sky_Sphere_C (BP_Sky_Sphere)
[2025.11.14-19.16.24:519][586]Cmd: OBJ SAVEPACKAGE PACKAGE="/Game/Levels/Main" FILE="../../../../../../Git/Saf/GameUniHack/PixelPerfect/Content/Levels/Main.umap" SILENT=true AUTOSAVING=false KEEPDIRTY=false
[2025.11.14-19.16.24:564][586]LogUObjectHash: Compacting FUObjectHashTables data took   2.38ms
[2025.11.14-19.16.24:574][586]LogSavePackage: Moving '../../../../../../Git/Saf/GameUniHack/PixelPerfect/Saved/MainA9662F5D48935ADDC3B278A1342AC041.tmp' to '../../../../../../Git/Saf/GameUniHack/PixelPerfect/Content/Levels/Main.umap'
[2025.11.14-19.16.24:619][586]AssetCheck: New page: Asset Save: Main
[2025.11.14-19.16.24:619][586]LogContentValidation: Display: Validating World /Game/Levels/Main.Main
[2025.11.14-19.16.29:361][698]LogSlate: Window 'Pick Parent Class' being destroyed
[2025.11.14-19.16.41:437][404]LogEditorViewport: Clicking on Actor (LMB): BP_Sky_Sphere_C (BP_Sky_Sphere)
[2025.11.14-19.16.41:558][409]Cmd: OBJ SAVEPACKAGE PACKAGE="/Game/Levels/Main" FILE="../../../../../../Git/Saf/GameUniHack/PixelPerfect/Content/Levels/Main.umap" SILENT=true AUTOSAVING=false KEEPDIRTY=false
[2025.11.14-19.16.41:608][409]LogUObjectHash: Compacting FUObjectHashTables data took   2.46ms
[2025.11.14-19.16.41:620][409]LogSavePackage: Moving '../../../../../../Git/Saf/GameUniHack/PixelPerfect/Saved/MainECAA9E7A4B9002F55A60DFB7B599150A.tmp' to '../../../../../../Git/Saf/GameUniHack/PixelPerfect/Content/Levels/Main.umap'
[2025.11.14-19.16.41:655][409]AssetCheck: New page: Asset Save: Main
[2025.11.14-19.16.41:655][409]LogContentValidation: Display: Validating World /Game/Levels/Main.Main
